--Testcase 1:
DELETE FROM pg_spd_node_info;
--SELECT pg_sleep(15);
CREATE EXTENSION pgspider_core_fdw;
CREATE SERVER pgspider_svr FOREIGN DATA WRAPPER pgspider_core_fdw OPTIONS (host '127.0.0.1',port '50849');
CREATE USER mapping for public server pgspider_svr OPTIONS(user 'postgres',password 'postgres');
CREATE FOREIGN TABLE test1 (i int,__spd_url text) SERVER pgspider_svr;
CREATE EXTENSION postgres_fdw;
CREATE EXTENSION file_fdw;
CREATE EXTENSION sqlite_fdw;
CREATE EXTENSION tinybrace_fdw;
CREATE EXTENSION mysql_fdw;
CREATE SERVER file_svr FOREIGN DATA WRAPPER file_fdw;
CREATE FOREIGN TABLE filetbl__file_svr__0 (i int) SERVER file_svr options(filename '/tmp/pgtest.csv');
CREATE FOREIGN TABLE filetbl (i int,__spd_url text) SERVER pgspider_svr;
--Testcase 2:
SELECT * FROM filetbl;
 i | __spd_url  
---+------------
 1 | /file_svr/
 2 | /file_svr/
 3 | /file_svr/
 4 | /file_svr/
(4 rows)

/*
CREATE SERVER filesvr2 FOREIGN DATA WRAPPER file_fdw;
CREATE FOREIGN TABLE test1__file_svr__0 (i int) SERVER file_svr options(filename '/tmp/pgtest.csv');
--Testcase 3:
SELECT * FROM test1;
CREATE FOREIGN TABLE test1__filesvr2__0 (i int) SERVER file_svr options(filename '/tmp/pgtest.csv');
--Testcase 4:
SELECT * FROM test1 order by i,__spd_url;
--Testcase 5:
SELECT * FROM test1 IN ('/file_svr/') ORDER BY i,__spd_url;
--Testcase 6:
SELECT * FROM test1 IN ('/file_svr/') where i = 1;
*/
CREATE SERVER tiny_svr FOREIGN DATA WRAPPER tinybrace_fdw OPTIONS (host '127.0.0.1',port '5100', dbname 'test.db');
CREATE USER mapping for public server tiny_svr OPTIONS(username 'user',password 'testuser');
CREATE FOREIGN TABLE test1__tiny_svr__0 (i int) SERVER tiny_svr OPTIONS(table_name 'test1');
--Testcase 7:
SELECT * FROM test1__tiny_svr__0 ORDER BY i;
 i 
---
 1
(1 row)

--Testcase 8:
SELECT * FROM test1 ORDER BY i,__spd_url;
 i | __spd_url  
---+------------
 1 | /tiny_svr/
(1 row)

--Testcase 9:
SELECT * FROM test1 IN ('/tiny_svr/');
 i | __spd_url  
---+------------
 1 | /tiny_svr/
(1 row)

--Testcase 10:
SELECT * FROM test1 IN ('/tiny_svr/') where i = 1;
 i | __spd_url  
---+------------
 1 | /tiny_svr/
(1 row)

CREATE SERVER post_svr FOREIGN DATA WRAPPER postgres_fdw OPTIONS (host '127.0.0.1',port '15432');
CREATE USER mapping for public server post_svr OPTIONS(user 'postgres',password 'postgres');
CREATE FOREIGN TABLE test1__post_svr__0 (i int) SERVER post_svr OPTIONS(table_name 'test1');
--Testcase 11:
SELECT * FROM test1__post_svr__0 ORDER BY i;
  i   
------
 1111
(1 row)

--Testcase 12:
SELECT * FROM test1 ORDER BY i,__spd_url;
  i   | __spd_url  
------+------------
    1 | /tiny_svr/
 1111 | /post_svr/
(2 rows)

--Testcase 13:
SELECT * FROM test1 IN ('/post_svr/') ORDER BY i,__spd_url;
  i   | __spd_url  
------+------------
 1111 | /post_svr/
(1 row)

--Testcase 14:
SELECT * FROM test1 IN ('/post_svr/') where i = 1 ORDER BY i,__spd_url;
 i | __spd_url 
---+-----------
(0 rows)

CREATE SERVER sqlite_svr FOREIGN DATA WRAPPER sqlite_fdw OPTIONS (database '/tmp/pgtest.db');
CREATE FOREIGN TABLE test1__sqlite_svr__0 (i int) SERVER sqlite_svr OPTIONS(table 'test1');
--Testcase 15:
SELECT * FROM test1 ORDER BY i,__spd_url;
   i   |  __spd_url   
-------+--------------
     1 | /sqlite_svr/
     1 | /tiny_svr/
  1111 | /post_svr/
 22222 | /sqlite_svr/
(4 rows)

--Testcase 16:
SELECT * FROM test1 IN ('/sqlite_svr/') ORDER BY i,__spd_url;
   i   |  __spd_url   
-------+--------------
     1 | /sqlite_svr/
 22222 | /sqlite_svr/
(2 rows)

--Testcase 17:
SELECT * FROM test1 IN ('/sqlite_svr/') where i = 4 ORDER BY i,__spd_url;
 i | __spd_url 
---+-----------
(0 rows)

CREATE SERVER mysql_svr FOREIGN DATA WRAPPER mysql_fdw OPTIONS (host '127.0.0.1',port '3306');
CREATE USER mapping for public server mysql_svr OPTIONS(username 'root',password 'Mysql_1234');
CREATE FOREIGN TABLE test1__mysql_svr__0 (i int) SERVER mysql_svr OPTIONS(dbname 'test',table_name 'test1');
--Testcase 18:
SELECT * FROM test1 ORDER BY i,__spd_url;
   i   |  __spd_url   
-------+--------------
     1 | /mysql_svr/
     1 | /sqlite_svr/
     1 | /tiny_svr/
   777 | /mysql_svr/
   777 | /mysql_svr/
   777 | /mysql_svr/
   777 | /mysql_svr/
  1111 | /post_svr/
 22222 | /sqlite_svr/
(9 rows)

--Testcase 19:
SELECT * FROM test1 IN ('/mysql_svr/') ORDER BY i,__spd_url;
  i  |  __spd_url  
-----+-------------
   1 | /mysql_svr/
 777 | /mysql_svr/
 777 | /mysql_svr/
 777 | /mysql_svr/
 777 | /mysql_svr/
(5 rows)

--Testcase 20:
SELECT * FROM test1 where i = 1 ORDER BY i,__spd_url;
 i |  __spd_url   
---+--------------
 1 | /mysql_svr/
 1 | /sqlite_svr/
 1 | /tiny_svr/
(3 rows)

--Testcase 21:
SELECT * FROM test1 IN ('/mysql_svr/') where i = 5 ORDER BY i,__spd_url;
 i | __spd_url 
---+-----------
(0 rows)

--Testcase 22:
SELECT * FROM test1 ORDER BY i,__spd_url;
   i   |  __spd_url   
-------+--------------
     1 | /mysql_svr/
     1 | /sqlite_svr/
     1 | /tiny_svr/
   777 | /mysql_svr/
   777 | /mysql_svr/
   777 | /mysql_svr/
   777 | /mysql_svr/
  1111 | /post_svr/
 22222 | /sqlite_svr/
(9 rows)

--Testcase 23:
SELECT * FROM test1 IN ('/test2/') ORDER BY i,__spd_url;
 i | __spd_url 
---+-----------
(0 rows)

--Testcase 24:
SELECT * FROM test1 order by i,__spd_url;
   i   |  __spd_url   
-------+--------------
     1 | /mysql_svr/
     1 | /sqlite_svr/
     1 | /tiny_svr/
   777 | /mysql_svr/
   777 | /mysql_svr/
   777 | /mysql_svr/
   777 | /mysql_svr/
  1111 | /post_svr/
 22222 | /sqlite_svr/
(9 rows)

--Testcase 25:
SELECT * FROM test1 IN ('/file_svr/') ORDER BY i,__spd_url;
 i | __spd_url 
---+-----------
(0 rows)

--Testcase 26:
SELECT * FROM test1 IN ('/file_svr/') where i = 1 ORDER BY i,__spd_url;
 i | __spd_url 
---+-----------
(0 rows)

--Testcase 27:
SELECT * FROM test1__tiny_svr__0 order by i;
 i 
---
 1
(1 row)

--Testcase 28:
SELECT * FROM test1 ORDER BY i,__spd_url;
   i   |  __spd_url   
-------+--------------
     1 | /mysql_svr/
     1 | /sqlite_svr/
     1 | /tiny_svr/
   777 | /mysql_svr/
   777 | /mysql_svr/
   777 | /mysql_svr/
   777 | /mysql_svr/
  1111 | /post_svr/
 22222 | /sqlite_svr/
(9 rows)

--Testcase 29:
SELECT * FROM test1 IN ('/tiny_svr/');
 i | __spd_url  
---+------------
 1 | /tiny_svr/
(1 row)

--Testcase 30:
SELECT * FROM test1 IN ('/tiny_svr/') where i = 1;
 i | __spd_url  
---+------------
 1 | /tiny_svr/
(1 row)

--Testcase 31:
SELECT * FROM test1__post_svr__0 order by i;
  i   
------
 1111
(1 row)

--Testcase 32:
SELECT * FROM test1 ORDER BY i,__spd_url;
   i   |  __spd_url   
-------+--------------
     1 | /mysql_svr/
     1 | /sqlite_svr/
     1 | /tiny_svr/
   777 | /mysql_svr/
   777 | /mysql_svr/
   777 | /mysql_svr/
   777 | /mysql_svr/
  1111 | /post_svr/
 22222 | /sqlite_svr/
(9 rows)

--Testcase 33:
SELECT * FROM test1 IN ('/post_svr/') ORDER BY i,__spd_url;
  i   | __spd_url  
------+------------
 1111 | /post_svr/
(1 row)

--Testcase 34:
SELECT * FROM test1 IN ('/post_svr/') where i = 1 ORDER BY i,__spd_url;
 i | __spd_url 
---+-----------
(0 rows)

--Testcase 35:
SELECT * FROM test1 ORDER BY i,__spd_url;
   i   |  __spd_url   
-------+--------------
     1 | /mysql_svr/
     1 | /sqlite_svr/
     1 | /tiny_svr/
   777 | /mysql_svr/
   777 | /mysql_svr/
   777 | /mysql_svr/
   777 | /mysql_svr/
  1111 | /post_svr/
 22222 | /sqlite_svr/
(9 rows)

--Testcase 36:
SELECT * FROM test1 IN ('/sqlite_svr/') ORDER BY i,__spd_url;
   i   |  __spd_url   
-------+--------------
     1 | /sqlite_svr/
 22222 | /sqlite_svr/
(2 rows)

--Testcase 37:
SELECT * FROM test1 IN ('/sqlite_svr/') where i = 4 ORDER BY i,__spd_url;
 i | __spd_url 
---+-----------
(0 rows)

--Testcase 38:
SELECT * FROM test1 ORDER BY i,__spd_url;
   i   |  __spd_url   
-------+--------------
     1 | /mysql_svr/
     1 | /sqlite_svr/
     1 | /tiny_svr/
   777 | /mysql_svr/
   777 | /mysql_svr/
   777 | /mysql_svr/
   777 | /mysql_svr/
  1111 | /post_svr/
 22222 | /sqlite_svr/
(9 rows)

--Testcase 39:
SELECT * FROM test1 IN ('/mysql_svr/') ORDER BY i,__spd_url;
  i  |  __spd_url  
-----+-------------
   1 | /mysql_svr/
 777 | /mysql_svr/
 777 | /mysql_svr/
 777 | /mysql_svr/
 777 | /mysql_svr/
(5 rows)

--Testcase 40:
SELECT * FROM test1 where i = 1 ORDER BY i,__spd_url;
 i |  __spd_url   
---+--------------
 1 | /mysql_svr/
 1 | /sqlite_svr/
 1 | /tiny_svr/
(3 rows)

--Testcase 41:
SELECT * FROM test1 IN ('/mysql_svr/') where i = 5 ORDER BY i,__spd_url;
 i | __spd_url 
---+-----------
(0 rows)

--Testcase 42:
SELECT * FROM test1 IN ('/mysql_svr/', '/sqlite_svr/') ORDER BY  i,__spd_url;
   i   |  __spd_url   
-------+--------------
     1 | /mysql_svr/
     1 | /sqlite_svr/
   777 | /mysql_svr/
   777 | /mysql_svr/
   777 | /mysql_svr/
   777 | /mysql_svr/
 22222 | /sqlite_svr/
(7 rows)

--Testcase 43:
SELECT * FROM test1 UNION ALL SELECT * FROM test1 ORDER BY i,__spd_url;
   i   |  __spd_url   
-------+--------------
     1 | /mysql_svr/
     1 | /mysql_svr/
     1 | /sqlite_svr/
     1 | /sqlite_svr/
     1 | /tiny_svr/
     1 | /tiny_svr/
   777 | /mysql_svr/
   777 | /mysql_svr/
   777 | /mysql_svr/
   777 | /mysql_svr/
   777 | /mysql_svr/
   777 | /mysql_svr/
   777 | /mysql_svr/
   777 | /mysql_svr/
  1111 | /post_svr/
  1111 | /post_svr/
 22222 | /sqlite_svr/
 22222 | /sqlite_svr/
(18 rows)

--Testcase 44:
SELECT * FROM test1 IN ('/mysql_svr/') UNION ALL SELECT * FROM test1 IN ('/mysql_svr/') ORDER BY i,__spd_url;
  i  |  __spd_url  
-----+-------------
   1 | /mysql_svr/
   1 | /mysql_svr/
 777 | /mysql_svr/
 777 | /mysql_svr/
 777 | /mysql_svr/
 777 | /mysql_svr/
 777 | /mysql_svr/
 777 | /mysql_svr/
 777 | /mysql_svr/
 777 | /mysql_svr/
(10 rows)

--Testcase 45:
SELECT * FROM test1 IN ('/mysql_svr/') UNION ALL SELECT * FROM test1 IN ('/sqlite_svr/') ORDER BY i,__spd_url;
   i   |  __spd_url   
-------+--------------
     1 | /mysql_svr/
     1 | /sqlite_svr/
   777 | /mysql_svr/
   777 | /mysql_svr/
   777 | /mysql_svr/
   777 | /mysql_svr/
 22222 | /sqlite_svr/
(7 rows)

--Testcase 46:
SELECT * FROM test1 IN ('/mysql_svr/', '/sqlite_svr/') UNION ALL SELECT * FROM test1 IN ('/mysql_svr/', '/sqlite_svr/') ORDER BY i,__spd_url;
   i   |  __spd_url   
-------+--------------
     1 | /mysql_svr/
     1 | /mysql_svr/
     1 | /sqlite_svr/
     1 | /sqlite_svr/
   777 | /mysql_svr/
   777 | /mysql_svr/
   777 | /mysql_svr/
   777 | /mysql_svr/
   777 | /mysql_svr/
   777 | /mysql_svr/
   777 | /mysql_svr/
   777 | /mysql_svr/
 22222 | /sqlite_svr/
 22222 | /sqlite_svr/
(14 rows)

CREATE FOREIGN TABLE test1_1 (i int,__spd_url text) SERVER pgspider_svr;
CREATE FOREIGN TABLE test1_1__tiny_svr__0 (i int) SERVER tiny_svr OPTIONS(table_name 'test1');
CREATE FOREIGN TABLE test1_1__post_svr__0 (i int) SERVER post_svr OPTIONS(table_name 'test1');
CREATE FOREIGN TABLE test1_1__sqlite_svr__0 (i int) SERVER sqlite_svr OPTIONS(table 'test1');
CREATE FOREIGN TABLE test1_1__mysql_svr__0 (i int) SERVER mysql_svr OPTIONS(dbname 'test',table_name 'test1');
--Testcase 47:
SELECT * FROM test1 IN ('/mysql_svr/'), test1_1 IN ('/sqlite_svr/') ORDER BY test1.i,test1.__spd_url,test1_1.i,test1_1.__spd_url;
  i  |  __spd_url  |   i   |  __spd_url   
-----+-------------+-------+--------------
   1 | /mysql_svr/ |     1 | /sqlite_svr/
   1 | /mysql_svr/ | 22222 | /sqlite_svr/
 777 | /mysql_svr/ |     1 | /sqlite_svr/
 777 | /mysql_svr/ |     1 | /sqlite_svr/
 777 | /mysql_svr/ |     1 | /sqlite_svr/
 777 | /mysql_svr/ |     1 | /sqlite_svr/
 777 | /mysql_svr/ | 22222 | /sqlite_svr/
 777 | /mysql_svr/ | 22222 | /sqlite_svr/
 777 | /mysql_svr/ | 22222 | /sqlite_svr/
 777 | /mysql_svr/ | 22222 | /sqlite_svr/
(10 rows)

--Testcase 48:
SELECT * FROM test1 IN ('/sqlite_svr/','/mysql_svr/'), test1_1 IN ('/mysql_svr/','/sqlite_svr/') ORDER BY test1.i,test1.__spd_url,test1_1.i,test1_1.__spd_url;
   i   |  __spd_url   |   i   |  __spd_url   
-------+--------------+-------+--------------
     1 | /mysql_svr/  |     1 | /mysql_svr/
     1 | /mysql_svr/  |     1 | /sqlite_svr/
     1 | /mysql_svr/  |   777 | /mysql_svr/
     1 | /mysql_svr/  |   777 | /mysql_svr/
     1 | /mysql_svr/  |   777 | /mysql_svr/
     1 | /mysql_svr/  |   777 | /mysql_svr/
     1 | /mysql_svr/  | 22222 | /sqlite_svr/
     1 | /sqlite_svr/ |     1 | /mysql_svr/
     1 | /sqlite_svr/ |     1 | /sqlite_svr/
     1 | /sqlite_svr/ |   777 | /mysql_svr/
     1 | /sqlite_svr/ |   777 | /mysql_svr/
     1 | /sqlite_svr/ |   777 | /mysql_svr/
     1 | /sqlite_svr/ |   777 | /mysql_svr/
     1 | /sqlite_svr/ | 22222 | /sqlite_svr/
   777 | /mysql_svr/  |     1 | /mysql_svr/
   777 | /mysql_svr/  |     1 | /mysql_svr/
   777 | /mysql_svr/  |     1 | /mysql_svr/
   777 | /mysql_svr/  |     1 | /mysql_svr/
   777 | /mysql_svr/  |     1 | /sqlite_svr/
   777 | /mysql_svr/  |     1 | /sqlite_svr/
   777 | /mysql_svr/  |     1 | /sqlite_svr/
   777 | /mysql_svr/  |     1 | /sqlite_svr/
   777 | /mysql_svr/  |   777 | /mysql_svr/
   777 | /mysql_svr/  |   777 | /mysql_svr/
   777 | /mysql_svr/  |   777 | /mysql_svr/
   777 | /mysql_svr/  |   777 | /mysql_svr/
   777 | /mysql_svr/  |   777 | /mysql_svr/
   777 | /mysql_svr/  |   777 | /mysql_svr/
   777 | /mysql_svr/  |   777 | /mysql_svr/
   777 | /mysql_svr/  |   777 | /mysql_svr/
   777 | /mysql_svr/  |   777 | /mysql_svr/
   777 | /mysql_svr/  |   777 | /mysql_svr/
   777 | /mysql_svr/  |   777 | /mysql_svr/
   777 | /mysql_svr/  |   777 | /mysql_svr/
   777 | /mysql_svr/  |   777 | /mysql_svr/
   777 | /mysql_svr/  |   777 | /mysql_svr/
   777 | /mysql_svr/  |   777 | /mysql_svr/
   777 | /mysql_svr/  |   777 | /mysql_svr/
   777 | /mysql_svr/  | 22222 | /sqlite_svr/
   777 | /mysql_svr/  | 22222 | /sqlite_svr/
   777 | /mysql_svr/  | 22222 | /sqlite_svr/
   777 | /mysql_svr/  | 22222 | /sqlite_svr/
 22222 | /sqlite_svr/ |     1 | /mysql_svr/
 22222 | /sqlite_svr/ |     1 | /sqlite_svr/
 22222 | /sqlite_svr/ |   777 | /mysql_svr/
 22222 | /sqlite_svr/ |   777 | /mysql_svr/
 22222 | /sqlite_svr/ |   777 | /mysql_svr/
 22222 | /sqlite_svr/ |   777 | /mysql_svr/
 22222 | /sqlite_svr/ | 22222 | /sqlite_svr/
(49 rows)

-- nothing case
--Testcase 49:
SELECT * FROM test1 IN ('/sqlite_svr/','/mysql_svrrrrrr/');
   i   |  __spd_url   
-------+--------------
     1 | /sqlite_svr/
 22222 | /sqlite_svr/
(2 rows)

--Testcase 50:
SELECT * FROM test1 IN ('/mysql_svr/'), test1_1 IN ('/mysql_svr2/') ORDER BY test1.i,test1.__spd_url,test1_1.i,test1_1.__spd_url;
 i | __spd_url | i | __spd_url 
---+-----------+---+-----------
(0 rows)

--Testcase 51:
SELECT * FROM test1 IN ('/mysql_svr2/'), test1_1 IN ('/mysql_svr/') ORDER BY test1.i,test1.__spd_url,test1_1.i,test1_1.__spd_url;
 i | __spd_url | i | __spd_url 
---+-----------+---+-----------
(0 rows)

--Testcase 52:
SELECT * FROM test1 IN ('/mysql_svr2/'), test1_1 IN ('/mysql_svr2/') ORDER BY test1.i,test1.__spd_url,test1_1.i,test1_1.__spd_url;
 i | __spd_url | i | __spd_url 
---+-----------+---+-----------
(0 rows)

--Testcase 53:
SELECT * FROM test1 IN ('/sqlite_svr/','/mysql_svr2/'), test1_1 IN ('/sqlite_svr2/','/mysql_svr/') ORDER BY test1.i,test1.__spd_url,test1_1.i,test1_1.__spd_url;
   i   |  __spd_url   |  i  |  __spd_url  
-------+--------------+-----+-------------
     1 | /sqlite_svr/ |   1 | /mysql_svr/
     1 | /sqlite_svr/ | 777 | /mysql_svr/
     1 | /sqlite_svr/ | 777 | /mysql_svr/
     1 | /sqlite_svr/ | 777 | /mysql_svr/
     1 | /sqlite_svr/ | 777 | /mysql_svr/
 22222 | /sqlite_svr/ |   1 | /mysql_svr/
 22222 | /sqlite_svr/ | 777 | /mysql_svr/
 22222 | /sqlite_svr/ | 777 | /mysql_svr/
 22222 | /sqlite_svr/ | 777 | /mysql_svr/
 22222 | /sqlite_svr/ | 777 | /mysql_svr/
(10 rows)

--Testcase 54:
EXPLAIN (VERBOSE, COSTS OFF) SELECT * FROM test1;
                      QUERY PLAN                      
------------------------------------------------------
 Foreign Scan on public.test1
   Output: i, __spd_url
   Node: mysql_svr / Status: Alive
     Local server startup cost: 10
     Remote query: SELECT `i` FROM `test`.`test1`
   Node: post_svr / Status: Alive
     Remote SQL: SELECT i FROM public.test1
   Node: sqlite_svr / Status: Alive
     SQLite query: SELECT `i` FROM main."test1"
   Node: tiny_svr / Status: Alive
     TinyBrace query: SELECT `i` FROM "test1"
     TinyBrace plan: SCAN TABLE test1 (~1000000 rows)
(12 rows)

-- some fdw push down and some fdw not 
--Testcase 55:
EXPLAIN (VERBOSE, COSTS OFF) SELECT sum(i), avg(i) FROM test1;
                           QUERY PLAN                            
-----------------------------------------------------------------
 Foreign Scan
   Output: (sum(i)), (avg(i))
   Node: mysql_svr / Status: Alive
     Agg push-down: no
     Local server startup cost: 10
     Remote query: SELECT `i` FROM `test`.`test1`
   Node: post_svr / Status: Alive
     Agg push-down: yes
     Relations: Aggregate on (public.test1__post_svr__0)
     Remote SQL: SELECT sum(i), count(i) FROM public.test1
   Node: sqlite_svr / Status: Alive
     Agg push-down: yes
     SQLite query: SELECT sum(`i`), count(`i`) FROM main."test1"
   Node: tiny_svr / Status: Alive
     Agg push-down: yes
     TinyBrace query: SELECT sum(`i`), count(`i`) FROM "test1"
     TinyBrace plan: SCAN TABLE test1 (~1000000 rows)
(17 rows)

-- only post_svr is alive
--Testcase 56:
EXPLAIN (VERBOSE, COSTS OFF) SELECT * FROM test1 IN ('/post_svr/');
                     QUERY PLAN                     
----------------------------------------------------
 Foreign Scan on public.test1
   Output: i, __spd_url
   Node: mysql_svr / Status: Not specified by IN
     Node: post_svr / Status: Alive
       Remote SQL: SELECT i FROM public.test1
     Node: sqlite_svr / Status: Not specified by IN
       Node: tiny_svr / Status: Not specified by IN
(7 rows)

-- only __spd_url target list is OK
--Testcase 57:
SELECT __spd_url FROM test1 ORDER BY __spd_url;
  __spd_url   
--------------
 /mysql_svr/
 /mysql_svr/
 /mysql_svr/
 /mysql_svr/
 /mysql_svr/
 /post_svr/
 /sqlite_svr/
 /sqlite_svr/
 /tiny_svr/
(9 rows)

--Testcase 58:
SELECT i, __spd_url FROM test1 GROUP BY i, __spd_url ORDER BY i;
   i   |  __spd_url   
-------+--------------
     1 | /tiny_svr/
     1 | /mysql_svr/
     1 | /sqlite_svr/
   777 | /mysql_svr/
  1111 | /post_svr/
 22222 | /sqlite_svr/
(6 rows)

--Testcase 59:
SELECT __spd_url, i FROM test1 GROUP BY i, __spd_url ORDER BY i;
  __spd_url   |   i   
--------------+-------
 /tiny_svr/   |     1
 /mysql_svr/  |     1
 /sqlite_svr/ |     1
 /mysql_svr/  |   777
 /post_svr/   |  1111
 /sqlite_svr/ | 22222
(6 rows)

--Testcase 60:
SELECT avg(i), __spd_url FROM test1 GROUP BY i, __spd_url ORDER BY i;
          avg           |  __spd_url   
------------------------+--------------
 1.00000000000000000000 | /tiny_svr/
 1.00000000000000000000 | /mysql_svr/
 1.00000000000000000000 | /sqlite_svr/
   777.0000000000000000 | /mysql_svr/
  1111.0000000000000000 | /post_svr/
     22222.000000000000 | /sqlite_svr/
(6 rows)

--Testcase 61:
SELECT __spd_url, avg(i) FROM test1 GROUP BY i, __spd_url ORDER BY i;
  __spd_url   |          avg           
--------------+------------------------
 /tiny_svr/   | 1.00000000000000000000
 /mysql_svr/  | 1.00000000000000000000
 /sqlite_svr/ | 1.00000000000000000000
 /mysql_svr/  |   777.0000000000000000
 /post_svr/   |  1111.0000000000000000
 /sqlite_svr/ |     22222.000000000000
(6 rows)

--Testcase 62:
SELECT __spd_url, sum(i) FROM test1 GROUP BY i, __spd_url ORDER BY i;
  __spd_url   |  sum  
--------------+-------
 /tiny_svr/   |     1
 /mysql_svr/  |     1
 /sqlite_svr/ |     1
 /mysql_svr/  |  3108
 /post_svr/   |  1111
 /sqlite_svr/ | 22222
(6 rows)

--Testcase 63:
SELECT __spd_url, avg(i), __spd_url FROM test1 GROUP BY i, __spd_url ORDER BY i;
  __spd_url   |          avg           |  __spd_url   
--------------+------------------------+--------------
 /tiny_svr/   | 1.00000000000000000000 | /tiny_svr/
 /mysql_svr/  | 1.00000000000000000000 | /mysql_svr/
 /sqlite_svr/ | 1.00000000000000000000 | /sqlite_svr/
 /mysql_svr/  |   777.0000000000000000 | /mysql_svr/
 /post_svr/   |  1111.0000000000000000 | /post_svr/
 /sqlite_svr/ |     22222.000000000000 | /sqlite_svr/
(6 rows)

--Testcase 64:
SELECT sum(i) FROM test1;
  sum  
-------
 26444
(1 row)

--Testcase 65:
SELECT avg(i) FROM test1;
       avg        
------------------
 2938.22222222222
(1 row)

--Testcase 66:
SELECT avg(i),i FROM test1 group by i order by i;
  avg  |   i   
-------+-------
     1 |     1
   777 |   777
  1111 |  1111
 22222 | 22222
(4 rows)

--Testcase 67:
SELECT sum(i),count(i),i FROM test1 group by i order by i;
  sum  | count |   i   
-------+-------+-------
     3 |     3 |     1
  3108 |     4 |   777
  1111 |     1 |  1111
 22222 |     1 | 22222
(4 rows)

--Testcase 68:
SELECT avg(i), count(i) FROM test1 group by i;
  avg  | count 
-------+-------
 22222 |     1
   777 |     4
     1 |     3
  1111 |     1
(4 rows)

--Testcase 69:
SELECT SUM(i) as aa, avg(i) FROM test1 GROUP BY i;
  aa   |  avg  
-------+-------
 22222 | 22222
  3108 |   777
     3 |     1
  1111 |  1111
(4 rows)

--Testcase 70:
SELECT SUM(i) as aa, avg(i), i/2, SUM(i)/2 FROM test1 GROUP BY i;
  aa   |  avg  | ?column? | ?column? 
-------+-------+----------+----------
 22222 | 22222 |    11111 |    11111
  3108 |   777 |      388 |     1554
     3 |     1 |        0 |        1
  1111 |  1111 |      555 |      555
(4 rows)

--Testcase 71:
SELECT SUM(i) as aa, avg(i) FROM test1 GROUP BY i ORDER BY aa;
  aa   |  avg  
-------+-------
     3 |     1
  1111 |  1111
  3108 |   777
 22222 | 22222
(4 rows)

--Testcase 72:
SELECT sum(i), avg(i) FROM test1 GROUP BY i ORDER BY 1;
  sum  |  avg  
-------+-------
     3 |     1
  1111 |  1111
  3108 |   777
 22222 | 22222
(4 rows)

--Testcase 73:
SELECT i, avg(i) FROM test1 GROUP BY i ORDER BY 1;
   i   |  avg  
-------+-------
     1 |     1
   777 |   777
  1111 |  1111
 22222 | 22222
(4 rows)

-- allocate statement
--Testcase 74:
PREPARE stmt AS SELECT sum(i),count(i),i FROM test1 group by i order by i;
-- execute first time
--Testcase 75:
EXECUTE stmt;
  sum  | count |   i   
-------+-------+-------
     3 |     3 |     1
  3108 |     4 |   777
  1111 |     1 |  1111
 22222 |     1 | 22222
(4 rows)

-- performance test prepared statement
DO $$
BEGIN
   FOR counter IN 1..50 LOOP
   EXECUTE 'EXECUTE stmt;';
   END LOOP;
END; $$;
-- deallocate statement
DEALLOCATE stmt;
CREATE FOREIGN TABLE t1 (i int, t text,__spd_url text) SERVER pgspider_svr;
CREATE FOREIGN TABLE t1__post_svr__0 (i int, t text) SERVER post_svr OPTIONS(table_name 't1');
--Testcase 76:
SELECT * FROM t1;
 i | t | __spd_url  
---+---+------------
 1 | a | /post_svr/
 2 | b | /post_svr/
 3 | b | /post_svr/
 4 | c | /post_svr/
(4 rows)

--Testcase 77:
SELECT * FROM t1 WHERE __spd_url='/post_svr/' and i = 1 and t = 'a';
 i | t | __spd_url  
---+---+------------
 1 | a | /post_svr/
(1 row)

--Testcase 78:
SELECT sum(i),t FROM t1 group by t;
 sum | t 
-----+---
   1 | a
   5 | b
   4 | c
(3 rows)

--Testcase 79:
SELECT sum(i),t,count(i) FROM t1 group by t;
 sum | t | count 
-----+---+-------
   1 | a |     1
   5 | b |     2
   4 | c |     1
(3 rows)

--Testcase 80:
SELECT * FROM t1 WHERE i = 1;
 i | t | __spd_url  
---+---+------------
 1 | a | /post_svr/
(1 row)

--Testcase 81:
SELECT sum(i),t FROM t1 group by t;
 sum | t 
-----+---
   1 | a
   5 | b
   4 | c
(3 rows)

--Testcase 82:
SELECT avg(i) FROM t1;
 avg 
-----
 2.5
(1 row)

--Testcase 83:
SELECT stddev(i) FROM t1;
      stddev      
------------------
 1.29099444873581
(1 row)

--Testcase 84:
SELECT sum(i),t FROM t1 WHERE i = 1 group by t;
 sum | t 
-----+---
   1 | a
(1 row)

--Testcase 85:
SELECT avg(i),sum(i) FROM t1;
 avg | sum 
-----+-----
 2.5 |  10
(1 row)

--Testcase 86:
SELECT sum(i),sum(i) FROM t1;
 sum | sum 
-----+-----
  10 |  10
(1 row)

--Testcase 87:
SELECT avg(i),t FROM t1 group by t;
 avg | t 
-----+---
   1 | a
 2.5 | b
   4 | c
(3 rows)

--Testcase 88:
SELECT avg(i) FROM t1 group by i;
 avg 
-----
   3
   4
   2
   1
(4 rows)

--Testcase 89:
SELECT avg(i), count(i) FROM t1 GROUP BY i ORDER BY i;
 avg | count 
-----+-------
   1 |     1
   2 |     1
   3 |     1
   4 |     1
(4 rows)

--Testcase 90:
SELECT t, avg(i), t FROM t1 GROUP BY i, t ORDER BY i;
 t | avg | t 
---+-----+---
 a |   1 | a
 b |   2 | b
 b |   3 | b
 c |   4 | c
(4 rows)

--Testcase 91:
SELECT t, __spd_url FROM t1 GROUP BY __spd_url, t ORDER BY t;
 t | __spd_url  
---+------------
 a | /post_svr/
 b | /post_svr/
 c | /post_svr/
(3 rows)

--Testcase 92:
SELECT i, __spd_url FROM t1 GROUP BY __spd_url, i ORDER BY i;
 i | __spd_url  
---+------------
 1 | /post_svr/
 2 | /post_svr/
 3 | /post_svr/
 4 | /post_svr/
(4 rows)

--Testcase 93:
SELECT __spd_url, i FROM t1 GROUP BY __spd_url, i ORDER BY i;
 __spd_url  | i 
------------+---
 /post_svr/ | 1
 /post_svr/ | 2
 /post_svr/ | 3
 /post_svr/ | 4
(4 rows)

--Testcase 94:
SELECT avg(i), __spd_url FROM t1 GROUP BY __spd_url, i ORDER BY i;
          avg           | __spd_url  
------------------------+------------
 1.00000000000000000000 | /post_svr/
     2.0000000000000000 | /post_svr/
     3.0000000000000000 | /post_svr/
     4.0000000000000000 | /post_svr/
(4 rows)

--Testcase 95:
SELECT __spd_url, avg(i) FROM t1 GROUP BY __spd_url, i ORDER BY i;
 __spd_url  |          avg           
------------+------------------------
 /post_svr/ | 1.00000000000000000000
 /post_svr/ |     2.0000000000000000
 /post_svr/ |     3.0000000000000000
 /post_svr/ |     4.0000000000000000
(4 rows)

--Testcase 96:
SELECT __spd_url, avg(i), __spd_url FROM t1 GROUP BY __spd_url, i ORDER BY i;
 __spd_url  |          avg           | __spd_url  
------------+------------------------+------------
 /post_svr/ | 1.00000000000000000000 | /post_svr/
 /post_svr/ |     2.0000000000000000 | /post_svr/
 /post_svr/ |     3.0000000000000000 | /post_svr/
 /post_svr/ |     4.0000000000000000 | /post_svr/
(4 rows)

--Testcase 97:
SELECT __spd_url, sum(i) FROM t1 GROUP BY __spd_url, i ORDER BY i;
 __spd_url  | sum 
------------+-----
 /post_svr/ |   1
 /post_svr/ |   2
 /post_svr/ |   3
 /post_svr/ |   4
(4 rows)

--Testcase 98:
SELECT __spd_url, avg(i), __spd_url FROM t1 GROUP BY __spd_url, i ORDER BY i;
 __spd_url  |          avg           | __spd_url  
------------+------------------------+------------
 /post_svr/ | 1.00000000000000000000 | /post_svr/
 /post_svr/ |     2.0000000000000000 | /post_svr/
 /post_svr/ |     3.0000000000000000 | /post_svr/
 /post_svr/ |     4.0000000000000000 | /post_svr/
(4 rows)

--Testcase 99:
SELECT __spd_url, avg(i), sum(i), __spd_url FROM t1 GROUP BY __spd_url, i ORDER BY i;
 __spd_url  |          avg           | sum | __spd_url  
------------+------------------------+-----+------------
 /post_svr/ | 1.00000000000000000000 |   1 | /post_svr/
 /post_svr/ |     2.0000000000000000 |   2 | /post_svr/
 /post_svr/ |     3.0000000000000000 |   3 | /post_svr/
 /post_svr/ |     4.0000000000000000 |   4 | /post_svr/
(4 rows)

--Testcase 100:
SELECT * FROM (SELECT sum(i) FROM t1) A,(SELECT count(i) FROM t1) B;
 sum | count 
-----+-------
  10 |     4
(1 row)

--Testcase 101:
SELECT SUM(i) as aa, avg(i) FROM t1 GROUP BY i;
 aa | avg 
----+-----
  3 |   3
  4 |   4
  2 |   2
  1 |   1
(4 rows)

--Testcase 102:
SELECT SUM(i) as aa, avg(i) FROM t1 GROUP BY t;
 aa | avg 
----+-----
  1 |   1
  5 | 2.5
  4 |   4
(3 rows)

--Testcase 103:
SELECT SUM(i) as aa, avg(i), i/2, SUM(i)/2 FROM t1 GROUP BY i, t;
 aa | avg | ?column? | ?column? 
----+-----+----------+----------
  1 |   1 |        0 |        0
  4 |   4 |        2 |        2
  3 |   3 |        1 |        1
  2 |   2 |        1 |        1
(4 rows)

--Testcase 104:
SELECT SUM(i) as aa, avg(i) FROM t1 GROUP BY i ORDER BY aa;
 aa | avg 
----+-----
  1 |   1
  2 |   2
  3 |   3
  4 |   4
(4 rows)

-- query contains all constant
SELECT 1, 2, 'asd$@' FROM t1 group by 1, 3, 2;
 ?column? | ?column? | ?column? 
----------+----------+----------
        1 |        2 | asd$@
(1 row)

-- allocate statement
--Testcase 105:
PREPARE stmt AS SELECT * FROM t1;
-- execute first time
--Testcase 106:
EXECUTE stmt;
 i | t | __spd_url  
---+---+------------
 1 | a | /post_svr/
 2 | b | /post_svr/
 3 | b | /post_svr/
 4 | c | /post_svr/
(4 rows)

-- performance test prepared statement
DO $$
BEGIN
   FOR counter IN 1..50 LOOP
   EXECUTE 'EXECUTE stmt;';
   END LOOP;
END; $$;
-- deallocate statement
DEALLOCATE stmt;
--Testcase 107:
EXPLAIN (VERBOSE, COSTS OFF) SELECT STDDEV(i) FROM t1;
                              QUERY PLAN                              
----------------------------------------------------------------------
 Foreign Scan
   Output: (stddev(i))
   Node: post_svr / Status: Alive
     Agg push-down: yes
     Relations: Aggregate on (public.t1__post_svr__0)
     Remote SQL: SELECT count(i), sum(i), sum((i * i)) FROM public.t1
(6 rows)

CREATE FOREIGN TABLE t3 (t text, t2 text, i int,__spd_url text) SERVER pgspider_svr;
CREATE FOREIGN TABLE t3__mysql_svr__0 (t text,t2 text,i int) SERVER mysql_svr OPTIONS(dbname 'test',table_name 'test3');
--Testcase 108:
SELECT count(t) FROM t3;
 count 
-------
     4
(1 row)

--Testcase 109:
SELECT count(t2) FROM t3;
 count 
-------
     3
(1 row)

--Testcase 110:
SELECT count(i) FROM t3;
 count 
-------
     4
(1 row)

--Testcase 111:
SELECT * FROM t3;
  t  | t2  | i |  __spd_url  
-----+-----+---+-------------
 aaa | bbb | 1 | /mysql_svr/
 aaa | bbb | 1 | /mysql_svr/
 aaa |     | 1 | /mysql_svr/
 aaa | bbb | 1 | /mysql_svr/
(4 rows)

-- test target list push down for mysql fdw
-- push down abs(-i*2) and i+1
--Testcase 112:
EXPLAIN (VERBOSE, COSTS OFF)
SELECT abs(-i*2), i+1, i, i FROM t3;
                    QUERY PLAN                    
--------------------------------------------------
 Foreign Scan on public.t3
   Output: abs(((- i) * 2)), (i + 1), i, i
   Node: mysql_svr / Status: Alive
     Local server startup cost: 10
     Remote query: SELECT `i` FROM `test`.`test3`
(5 rows)

--Testcase 113:
SELECT abs(-i*2), i+1, i, i FROM t3;
 abs | ?column? | i | i 
-----+----------+---+---
   2 |        2 | 1 | 1
   2 |        2 | 1 | 1
   2 |        2 | 1 | 1
   2 |        2 | 1 | 1
(4 rows)

-- can't push down abs(A.i) in join case
--Testcase 114:
EXPLAIN (VERBOSE, COSTS OFF)
SELECT abs(A.i) FROM t3 A, t3 B LIMIT 3;
                             QUERY PLAN                              
---------------------------------------------------------------------
 Limit
   Output: (abs(a.i))
   ->  Nested Loop
         Output: abs(a.i)
         ->  Foreign Scan on public.t3 a
               Output: a.i
               Node: mysql_svr / Status: Alive
                 Local server startup cost: 10
                 Remote query: SELECT `i` FROM `test`.`test3`
         ->  Materialize
               ->  Foreign Scan on public.t3 b
                     Node: mysql_svr / Status: Alive
                       Local server startup cost: 10
                       Remote query: SELECT NULL FROM `test`.`test3`
(14 rows)

--Testcase 115:
SELECT abs(A.i) FROM t3 A, t3 B LIMIT 3;
 abs 
-----
   1
   1
   1
(3 rows)

--Testcase 116:
EXPLAIN (VERBOSE, COSTS OFF)
SELECT abs(i) c1 FROM t3 UNION SELECT abs(i+1) FROM t3 ORDER BY c1;
                             QUERY PLAN                             
--------------------------------------------------------------------
 Sort
   Output: (abs(t3.i))
   Sort Key: (abs(t3.i))
   ->  HashAggregate
         Output: (abs(t3.i))
         Group Key: (abs(t3.i))
         ->  Append
               ->  Foreign Scan on public.t3
                     Output: abs(t3.i)
                     Node: mysql_svr / Status: Alive
                       Local server startup cost: 10
                       Remote query: SELECT `i` FROM `test`.`test3`
               ->  Foreign Scan on public.t3 t3_1
                     Output: abs((t3_1.i + 1))
                     Node: mysql_svr / Status: Alive
                       Local server startup cost: 10
                       Remote query: SELECT `i` FROM `test`.`test3`
(17 rows)

--Testcase 117:
SELECT abs(i) c1 FROM t3 UNION SELECT abs(i+1) FROM t3 ORDER BY c1;
 c1 
----
  1
  2
(2 rows)

--Testcase 118:
SELECT i+1, __spd_url FROM t3;
 ?column? |  __spd_url  
----------+-------------
        2 | /mysql_svr/
        2 | /mysql_svr/
        2 | /mysql_svr/
        2 | /mysql_svr/
(4 rows)

--Testcase 119:
SELECT i, __spd_url FROM t3 ORDER BY i, __spd_url;
 i |  __spd_url  
---+-------------
 1 | /mysql_svr/
 1 | /mysql_svr/
 1 | /mysql_svr/
 1 | /mysql_svr/
(4 rows)

--Testcase 120:
SELECT i FROM t3 ORDER BY __spd_url;
 i 
---
 1
 1
 1
 1
(4 rows)

-- can't push down i+1 because test1 includes fdws other than mysql fdw
--Testcase 121:
EXPLAIN (VERBOSE, COSTS OFF) 
SELECT i+1,__spd_url FROM test1 ORDER BY __spd_url, i;
                         QUERY PLAN                         
------------------------------------------------------------
 Sort
   Output: ((i + 1)), __spd_url, i
   Sort Key: test1.__spd_url, test1.i
   ->  Foreign Scan on public.test1
         Output: (i + 1), __spd_url, i
         Node: mysql_svr / Status: Alive
           Local server startup cost: 10
           Remote query: SELECT `i` FROM `test`.`test1`
         Node: post_svr / Status: Alive
           Remote SQL: SELECT i FROM public.test1
         Node: sqlite_svr / Status: Alive
           SQLite query: SELECT `i` FROM main."test1"
         Node: tiny_svr / Status: Alive
           TinyBrace query: SELECT `i` FROM "test1"
           TinyBrace plan: SCAN TABLE test1 (~1000000 rows)
(15 rows)

--Testcase 122:
SELECT i+1,__spd_url FROM test1  ORDER BY __spd_url, i;
 ?column? |  __spd_url   
----------+--------------
        2 | /mysql_svr/
      778 | /mysql_svr/
      778 | /mysql_svr/
      778 | /mysql_svr/
      778 | /mysql_svr/
     1112 | /post_svr/
        2 | /sqlite_svr/
    22223 | /sqlite_svr/
        2 | /tiny_svr/
(9 rows)

--Testcase 123:
SELECT __spd_url,i FROM test1 ORDER BY __spd_url, i;
  __spd_url   |   i   
--------------+-------
 /mysql_svr/  |     1
 /mysql_svr/  |   777
 /mysql_svr/  |   777
 /mysql_svr/  |   777
 /mysql_svr/  |   777
 /post_svr/   |  1111
 /sqlite_svr/ |     1
 /sqlite_svr/ | 22222
 /tiny_svr/   |     1
(9 rows)

-- t is not included in target list, but is pushed down, it is OK
--Testcase 124:
select t from t3 where i  = 1;
  t  
-----
 aaa
 aaa
 aaa
 aaa
(4 rows)

-- t is not included and cannot be pushed down, so it is error
-- select i from t3 where t COLLATE "ja_JP.utf8" = 'aa';
-- error stack test
Set pgspider_core_fdw.throw_error_ifdead to false;
CREATE SERVER mysql_svr2 FOREIGN DATA WRAPPER mysql_fdw OPTIONS (host '127.0.0.1',port '3306');
CREATE USER mapping for public server mysql_svr2 OPTIONS(username 'root',password 'wrongpass');
CREATE FOREIGN TABLE t3__mysql_svr2__0 (t text,t2 text,i int) SERVER mysql_svr2 OPTIONS(dbname 'test',table_name 'test3');
--Testcase 125:
SELECT count(t) FROM t3;
WARNING:  GetForeignRelSize failed
 count 
-------
     4
(1 row)

--Testcase 126:
SELECT count(t) FROM t3;
WARNING:  GetForeignRelSize failed
 count 
-------
     4
(1 row)

--Testcase 127:
SELECT count(t) FROM t3;
WARNING:  GetForeignRelSize failed
 count 
-------
     4
(1 row)

--Testcase 128:
SELECT count(t) FROM t3;
WARNING:  GetForeignRelSize failed
 count 
-------
     4
(1 row)

--Testcase 129:
SELECT count(t) FROM t3;
WARNING:  GetForeignRelSize failed
 count 
-------
     4
(1 row)

--Testcase 130:
SELECT count(t) FROM t3;
WARNING:  GetForeignRelSize failed
 count 
-------
     4
(1 row)

--Testcase 131:
SELECT count(t) FROM t3;
WARNING:  GetForeignRelSize failed
 count 
-------
     4
(1 row)

--Testcase 132:
SELECT count(t) FROM t3;
WARNING:  GetForeignRelSize failed
 count 
-------
     4
(1 row)

--Testcase 133:
SELECT count(t) FROM t3;
WARNING:  GetForeignRelSize failed
 count 
-------
     4
(1 row)

--Testcase 134:
SELECT count(t) FROM t3;
WARNING:  GetForeignRelSize failed
 count 
-------
     4
(1 row)

--Testcase 135:
SELECT count(t) FROM t3;
WARNING:  GetForeignRelSize failed
 count 
-------
     4
(1 row)

--Testcase 136:
SELECT count(t) FROM t3;
WARNING:  GetForeignRelSize failed
 count 
-------
     4
(1 row)

--Testcase 137:
SELECT count(t) FROM t3;
WARNING:  GetForeignRelSize failed
 count 
-------
     4
(1 row)

--Testcase 138:
SELECT count(t) FROM t3;
WARNING:  GetForeignRelSize failed
 count 
-------
     4
(1 row)

--Testcase 139:
SELECT count(t) FROM t3;
WARNING:  GetForeignRelSize failed
 count 
-------
     4
(1 row)

--Testcase 140:
SELECT count(t) FROM t3;
WARNING:  GetForeignRelSize failed
 count 
-------
     4
(1 row)

--Testcase 141:
SELECT count(t) FROM t3;
WARNING:  GetForeignRelSize failed
 count 
-------
     4
(1 row)

--Testcase 142:
SELECT count(t) FROM t3;
WARNING:  GetForeignRelSize failed
 count 
-------
     4
(1 row)

--Testcase 143:
SELECT count(t) FROM t3;
WARNING:  GetForeignRelSize failed
 count 
-------
     4
(1 row)

--Testcase 144:
SELECT count(t) FROM t3;
WARNING:  GetForeignRelSize failed
 count 
-------
     4
(1 row)

--Testcase 145:
SELECT count(t) FROM t3;
WARNING:  GetForeignRelSize failed
 count 
-------
     4
(1 row)

--Testcase 146:
SELECT count(t) FROM t3;
WARNING:  GetForeignRelSize failed
 count 
-------
     4
(1 row)

--Testcase 147:
SELECT count(t) FROM t3;
WARNING:  GetForeignRelSize failed
 count 
-------
     4
(1 row)

--Testcase 148:
SELECT count(t) FROM t3;
WARNING:  GetForeignRelSize failed
 count 
-------
     4
(1 row)

--Testcase 149:
SELECT count(t) FROM t3;
WARNING:  GetForeignRelSize failed
 count 
-------
     4
(1 row)

--Testcase 150:
SELECT count(t) FROM t3;
WARNING:  GetForeignRelSize failed
 count 
-------
     4
(1 row)

--Testcase 151:
SELECT count(t) FROM t3;
WARNING:  GetForeignRelSize failed
 count 
-------
     4
(1 row)

--Testcase 152:
SELECT count(t) FROM t3;
WARNING:  GetForeignRelSize failed
 count 
-------
     4
(1 row)

--Testcase 153:
SELECT count(t) FROM t3;
WARNING:  GetForeignRelSize failed
 count 
-------
     4
(1 row)

--Testcase 154:
SELECT count(t) FROM t3;
WARNING:  GetForeignRelSize failed
 count 
-------
     4
(1 row)

--Testcase 155:
SELECT count(t) FROM t3;
WARNING:  GetForeignRelSize failed
 count 
-------
     4
(1 row)

--Testcase 156:
SELECT count(t) FROM t3;
WARNING:  GetForeignRelSize failed
 count 
-------
     4
(1 row)

Set pgspider_core_fdw.throw_error_ifdead to true;
DROP FOREIGN TABLE t3;
DROP FOREIGN TABLE t3__mysql_svr__0;
DROP FOREIGN TABLE t3__mysql_svr2__0;
-- wrong result:
-- SELECT sum(i),t  FROM t1 group by t having sum(i) > 2;
--  sum | t 
-- -----+---
--    1 | a
--    5 | b
--    4 | c
-- (3 rows)
-- stress test for finding multithread error
DO $$
BEGIN
   FOR counter IN 1..50 LOOP
   PERFORM sum(i) FROM test1;
   END LOOP;
END; $$;
CREATE FOREIGN TABLE mysqlt (t text, t2 text, i int,__spd_url text) SERVER pgspider_svr;
CREATE FOREIGN TABLE mysqlt__mysql_svr__0 (t text,t2 text,i int) SERVER mysql_svr OPTIONS(dbname 'test',table_name 'test3');
CREATE FOREIGN TABLE mysqlt__mysql_svr__1 (t text,t2 text,i int) SERVER mysql_svr OPTIONS(dbname 'test',table_name 'test3');
CREATE FOREIGN TABLE mysqlt__mysql_svqr__2 (t text,t2 text,i int) SERVER mysql_svr OPTIONS(dbname 'test',table_name 'test3');
DO $$
BEGIN
   FOR counter IN 1..50 LOOP
   PERFORM sum(i) FROM mysqlt;
   END LOOP;
END; $$;
CREATE FOREIGN TABLE post_large (i int, t text,__spd_url text) SERVER pgspider_svr;
CREATE FOREIGN TABLE post_large__post_svr__1 (i int, t text) SERVER post_svr OPTIONS(table_name 'large_t');
CREATE FOREIGN TABLE post_large__post_svr__2 (i int, t text) SERVER post_svr OPTIONS(table_name 'large_t');
CREATE FOREIGN TABLE post_large__post_svr__3 (i int, t text) SERVER post_svr OPTIONS(table_name 'large_t');
--Testcase 157:
SELECT i,t FROM post_large WHERE i < 3 ORDER BY i,t;
 i |  t  
---+-----
 1 | aa1
 1 | aa1
 1 | aa1
 2 | aa2
 2 | aa2
 2 | aa2
(6 rows)

DO $$
BEGIN
   FOR counter IN 1..10 LOOP
   PERFORM i,t FROM post_large WHERE i < 3 ORDER BY i,t;
   END LOOP;
END; $$;
--Testcase 158:
SELECT count(*) FROM post_large;
 count 
-------
 30000
(1 row)

DO $$
BEGIN
   FOR counter IN 1..10 LOOP
   PERFORM sum(i) FROM post_large;
   END LOOP;
END; $$;
CREATE FOREIGN TABLE t2 (i int, t text, a text,__spd_url text) SERVER pgspider_svr;
CREATE FOREIGN TABLE t2__post_svr__0 (i int, t text,a text) SERVER post_svr OPTIONS(table_name 't2');
--Testcase 159:
SELECT i,t,a FROM t2 ORDER BY i,__spd_url;
 i | t | a 
---+---+---
 1 | a | 
 2 |   | a
   | a | a
   |   | 
(4 rows)

CREATE FOREIGN TABLE t2__post_svr__1 (i int, t text,a text) SERVER post_svr OPTIONS(table_name 't2');
CREATE FOREIGN TABLE t2__post_svr__2 (i int, t text,a text) SERVER post_svr OPTIONS(table_name 't2');
CREATE FOREIGN TABLE t2__post_svr__3 (i int, t text,a text) SERVER post_svr OPTIONS(table_name 't2');
-- random cannot be pushed down and i=2 is pushed down
--Testcase 160:
EXPLAIN (VERBOSE, COSTS OFF)
SELECT * FROM t2 WHERE i=2 AND random() < 2.0;
                          QUERY PLAN                           
---------------------------------------------------------------
 Foreign Scan on public.t2
   Output: i, t, a, __spd_url
   Filter: (random() < '2'::double precision)
   Node: post_svr / Status: Alive
     Remote SQL: SELECT i, t, a FROM public.t2 WHERE ((i = 2))
   Node: post_svr / Status: Alive
     Remote SQL: SELECT i, t, a FROM public.t2 WHERE ((i = 2))
   Node: post_svr / Status: Alive
     Remote SQL: SELECT i, t, a FROM public.t2 WHERE ((i = 2))
   Node: post_svr / Status: Alive
     Remote SQL: SELECT i, t, a FROM public.t2 WHERE ((i = 2))
(11 rows)

--Testcase 161:
SELECT * FROM t2 WHERE i=2 AND random() < 2.0;
 i | t | a | __spd_url  
---+---+---+------------
 2 |   | a | /post_svr/
 2 |   | a | /post_svr/
 2 |   | a | /post_svr/
 2 |   | a | /post_svr/
(4 rows)

--Testcase 162:
SELECT i,t,a FROM t2 ORDER BY i,t,a,__spd_url;
 i | t | a 
---+---+---
 1 | a | 
 1 | a | 
 1 | a | 
 1 | a | 
 2 |   | a
 2 |   | a
 2 |   | a
 2 |   | a
   | a | a
   | a | a
   | a | a
   | a | a
   |   | 
   |   | 
   |   | 
   |   | 
(16 rows)

--Testcase 163:
SELECT a,i, __spd_url, t FROM t2 ORDER BY i,t,a,__spd_url;
 a | i | __spd_url  | t 
---+---+------------+---
   | 1 | /post_svr/ | a
   | 1 | /post_svr/ | a
   | 1 | /post_svr/ | a
   | 1 | /post_svr/ | a
 a | 2 | /post_svr/ | 
 a | 2 | /post_svr/ | 
 a | 2 | /post_svr/ | 
 a | 2 | /post_svr/ | 
 a |   | /post_svr/ | a
 a |   | /post_svr/ | a
 a |   | /post_svr/ | a
 a |   | /post_svr/ | a
   |   | /post_svr/ | 
   |   | /post_svr/ | 
   |   | /post_svr/ | 
   |   | /post_svr/ | 
(16 rows)

--Testcase 164:
SELECT __spd_url,i FROM t2 WHERE __spd_url='/post_svr/' ORDER BY i LIMIT 1;
 __spd_url  | i 
------------+---
 /post_svr/ | 1
(1 row)

-- Keep alive test
CREATE SERVER post_svr2 FOREIGN DATA WRAPPER postgres_fdw OPTIONS (host '127.0.0.1',port '49503');
CREATE USER mapping for public server post_svr2 OPTIONS(user 'postgres',password 'postgres');
CREATE FOREIGN TABLE t2__post_svr2__0 (i int, t text,a text) SERVER post_svr2 OPTIONS(table_name 't2');
--Testcase 165:
INSERT INTO pg_spd_node_info VALUES(0,'post_svr','postgres_fdw','127.0.0.1');
--Testcase 166:
INSERT INTO pg_spd_node_info VALUES(0,'post_svr2','postgres_fdw','127.0.0.1');
--Testcase 167:
SELECT pg_sleep(2);
 pg_sleep 
----------
 
(1 row)

Set pgspider_core_fdw.throw_error_ifdead to false;
--Testcase 168:
SELECT i,t,a FROM t2 ORDER BY i,t,a,__spd_url;;
 i | t | a 
---+---+---
 1 | a | 
 1 | a | 
 1 | a | 
 1 | a | 
 2 |   | a
 2 |   | a
 2 |   | a
 2 |   | a
   | a | a
   | a | a
   | a | a
   | a | a
   |   | 
   |   | 
   |   | 
   |   | 
(16 rows)

SET pgspider_core_fdw.throw_error_ifdead to true;
--Testcase 169:
SELECT i,t,a FROM t2 ORDER BY i,t,a,__spd_url;;
ERROR:  could not connect to server "post_svr2"
DETAIL:  could not connect to server: Connection refused
	Is the server running on host "127.0.0.1" and accepting
	TCP/IP connections on port 49503?
ERROR:  PGSpider can not get data from child node : post_svr2
SET pgspider_core_fdw.throw_error_ifdead to false;
--Testcase 170:
SELECT i,t,a FROM t2 ORDER BY i,t,a,__spd_url;;
 i | t | a 
---+---+---
 1 | a | 
 1 | a | 
 1 | a | 
 1 | a | 
 2 |   | a
 2 |   | a
 2 |   | a
 2 |   | a
   | a | a
   | a | a
   | a | a
   | a | a
   |   | 
   |   | 
   |   | 
   |   | 
(16 rows)

SET pgspider_core_fdw.print_error_nodes to true;
--Testcase 171:
SELECT i,t,a FROM t2 ORDER BY i,t,a,__spd_url;;
WARNING:  Can not get data from post_svr2
 i | t | a 
---+---+---
 1 | a | 
 1 | a | 
 1 | a | 
 1 | a | 
 2 |   | a
 2 |   | a
 2 |   | a
 2 |   | a
   | a | a
   | a | a
   | a | a
   | a | a
   |   | 
   |   | 
   |   | 
   |   | 
(16 rows)

SET pgspider_core_fdw.print_error_nodes to false;
--Testcase 172:
SELECT i,t,a FROM t2 ORDER BY i,t,a,__spd_url;;
 i | t | a 
---+---+---
 1 | a | 
 1 | a | 
 1 | a | 
 1 | a | 
 2 |   | a
 2 |   | a
 2 |   | a
 2 |   | a
   | a | a
   | a | a
   | a | a
   | a | a
   |   | 
   |   | 
   |   | 
   |   | 
(16 rows)

CREATE SERVER post_svr3 FOREIGN DATA WRAPPER postgres_fdw OPTIONS (host '192.168.11.12',port '15432');
CREATE USER mapping for public server post_svr3 OPTIONS(user 'postgres',password 'postgres');
CREATE FOREIGN TABLE t2__post_svr3__0 (i int, t text,a text) SERVER post_svr3 OPTIONS(table_name 't2');
--Testcase 173:
INSERT INTO pg_spd_node_info VALUES(0,'post_svr3','postgres_fdw','192.168.11.12');
--Testcase 174:
SELECT pg_sleep(2);
 pg_sleep 
----------
 
(1 row)

/*
--Testcase 175:
SELECT i,t,a FROM t2 ORDER BY i,t,a,__spd_url;
SET pgspider_core_fdw.throw_error_ifdead to true;
--Testcase 176:
SELECT i,t,a FROM t2 ORDER BY i,t,a,__spd_url;
SET pgspider_core_fdw.throw_error_ifdead to false;
--Testcase 177:
SELECT i,t,a FROM t2 ORDER BY i,t,a,__spd_url;
SET pgspider_core_fdw.print_error_nodes to true;
--Testcase 178:
SELECT i,t,a FROM t2 ORDER BY i,t,a,__spd_url;
SET pgspider_core_fdw.print_error_nodes to false;
--Testcase 179:
SELECT i,t,a FROM t2 ORDER BY i,t,a,__spd_url;
DROP FOREIGN TABLE t2__post_svr3__0;
--Testcase 180:
DELETE FROM pg_spd_node_info WHERE servername = 't2__post_svr3__0';
--Testcase 181:
SELECT pg_sleep(2);
--Testcase 182:
SELECT i,t,a FROM t2 ORDER BY i,t,a,__spd_url;
*/
DROP FOREIGN TABLE test1;
DROP FOREIGN TABLE t1;
DROP FOREIGN TABLE t2;
DROP SERVER pgspider_svr CASCADE;
NOTICE:  drop cascades to 5 other objects
DETAIL:  drop cascades to user mapping for public on server pgspider_svr
drop cascades to foreign table filetbl
drop cascades to foreign table test1_1
drop cascades to foreign table mysqlt
drop cascades to foreign table post_large
DROP EXTENSION pgspider_core_fdw CASCADE;
