SET datestyle=ISO;
SET timezone='Japan';
--Testcase 1:
CREATE EXTENSION pgspider_core_fdw;
--Testcase 2:
CREATE SERVER pgspider_core_svr FOREIGN DATA WRAPPER pgspider_core_fdw OPTIONS (host '127.0.0.1');
--Testcase 3:
CREATE USER MAPPING FOR CURRENT_USER SERVER pgspider_core_svr;
----------------------------------------------------------
-- test structure
-- PGSpider Top Node -> Data source
-- stub functions are provided by data source FDW
----------------------------------------------------------
-- Data source: influxdb
--Testcase 4:
CREATE FOREIGN TABLE s3 (time timestamp with time zone, tag1 text, value1 float8, value2 bigint, value3 float8, value4 bigint, __spd_url text) SERVER pgspider_core_svr;
--Testcase 5:
CREATE EXTENSION influxdb_fdw;
--Testcase 6:
CREATE SERVER influxdb_svr FOREIGN DATA WRAPPER influxdb_fdw OPTIONS (dbname 'selectfunc_db', host 'http://localhost', port '8086');
--Testcase 7:
CREATE USER MAPPING FOR CURRENT_USER SERVER influxdb_svr OPTIONS (user 'user', password 'pass');
--Testcase 8:
CREATE FOREIGN TABLE s3__influxdb_svr__0 (time timestamp with time zone, tag1 text, value1 float8, value2 bigint, value3 float8, value4 bigint) SERVER influxdb_svr OPTIONS (table 's3', tags 'tag1');
-- s3 (value1,3 as float8, value2,4 as bigint)
--Testcase 9:
\d s3;
                              Foreign table "public.s3"
  Column   |           Type           | Collation | Nullable | Default | FDW options 
-----------+--------------------------+-----------+----------+---------+-------------
 time      | timestamp with time zone |           |          |         | 
 tag1      | text                     |           |          |         | 
 value1    | double precision         |           |          |         | 
 value2    | bigint                   |           |          |         | 
 value3    | double precision         |           |          |         | 
 value4    | bigint                   |           |          |         | 
 __spd_url | text                     |           |          |         | 
Server: pgspider_core_svr

--Testcase 10:
SELECT * FROM s3 ORDER BY 1,2,3,4,5,6,7;
          time          | tag1 | value1 | value2 | value3 | value4 |   __spd_url    
------------------------+------+--------+--------+--------+--------+----------------
 1970-01-01 09:00:00+09 | a    |    0.1 |    100 |   -0.1 |   -100 | /influxdb_svr/
 1970-01-01 09:00:01+09 | a    |    0.2 |    100 |   -0.2 |   -100 | /influxdb_svr/
 1970-01-01 09:00:02+09 | a    |    0.3 |    100 |   -0.3 |   -100 | /influxdb_svr/
 1970-01-01 09:00:03+09 | b    |    1.1 |    200 |   -1.1 |   -200 | /influxdb_svr/
 1970-01-01 09:00:04+09 | b    |    2.2 |    200 |   -2.2 |   -200 | /influxdb_svr/
 1970-01-01 09:00:05+09 | b    |    3.3 |    200 |   -3.3 |   -200 | /influxdb_svr/
(6 rows)

-- select float8() (not pushdown, remove float8, explain)
--Testcase 11:
EXPLAIN VERBOSE
SELECT float8(value1), float8(value2), float8(value3), float8(value4) FROM s3;
                                 QUERY PLAN                                  
-----------------------------------------------------------------------------
 Foreign Scan on public.s3  (cost=10.00..3430.07 rows=3413 width=32)
   Output: value1, float8(value2), value3, float8(value4)
   Node: influxdb_svr / Status: Alive
     InfluxDB query: SELECT "value1", "value2", "value3", "value4" FROM "s3"
(4 rows)

-- select float8() (not pushdown, remove float8, result)
--Testcase 12:
SELECT * FROM (
SELECT float8(value1), float8(value2), float8(value3), float8(value4) FROM s3
) AS t ORDER BY 1,2,3,4;
 float8 | float8 | float8 | float8 
--------+--------+--------+--------
    0.1 |    100 |   -0.1 |   -100
    0.2 |    100 |   -0.2 |   -100
    0.3 |    100 |   -0.3 |   -100
    1.1 |    200 |   -1.1 |   -200
    2.2 |    200 |   -2.2 |   -200
    3.3 |    200 |   -3.3 |   -200
(6 rows)

-- select sqrt (builtin function, explain)
--Testcase 13:
EXPLAIN VERBOSE
SELECT sqrt(value1), sqrt(value2) FROM s3;
                             QUERY PLAN                              
---------------------------------------------------------------------
 Foreign Scan on public.s3  (cost=10.00..3438.60 rows=3413 width=16)
   Output: (sqrt(value1)), (sqrt((value2)::double precision))
   Node: influxdb_svr / Status: Alive
     InfluxDB query: SELECT sqrt("value1"), sqrt("value2") FROM "s3"
(4 rows)

-- select sqrt (buitin function, result)
--Testcase 14:
SELECT * FROM (
SELECT sqrt(value1), sqrt(value2) FROM s3
) AS t ORDER BY 1,2;
        sqrt         |        sqrt        
---------------------+--------------------
 0.31622776601683794 |                 10
  0.4472135954999579 |                 10
  0.5477225575051661 |                 10
  1.0488088481701516 | 14.142135623730951
  1.4832396974191326 | 14.142135623730951
   1.816590212458495 | 14.142135623730951
(6 rows)

-- select sqrt (builtin function,, not pushdown constraints, explain)
--Testcase 15:
EXPLAIN VERBOSE
SELECT sqrt(value1), sqrt(value2) FROM s3 WHERE to_hex(value2) != '64';
                                  QUERY PLAN                                   
-------------------------------------------------------------------------------
 Foreign Scan on public.s3  (cost=10.00..3421.47 rows=3396 width=16)
   Output: (sqrt(value1)), (sqrt((value2)::double precision))
   Filter: (to_hex(s3.value2) <> '64'::text)
   Node: influxdb_svr / Status: Alive
     InfluxDB query: SELECT sqrt("value1"), sqrt("value2"), "value2" FROM "s3"
(5 rows)

-- select sqrt (builtin function, not pushdown constraints, result)
--Testcase 16:
SELECT * FROM (
SELECT sqrt(value1), sqrt(value2) FROM s3 WHERE to_hex(value2) != '64'
) AS t ORDER BY 1,2;
        sqrt        |        sqrt        
--------------------+--------------------
 1.0488088481701516 | 14.142135623730951
 1.4832396974191326 | 14.142135623730951
  1.816590212458495 | 14.142135623730951
(3 rows)

-- select sqrt (builtin function, pushdown constraints, explain)
--Testcase 17:
EXPLAIN VERBOSE
SELECT sqrt(value1), sqrt(value2) FROM s3 WHERE value2 != 200;
                                          QUERY PLAN                                           
-----------------------------------------------------------------------------------------------
 Foreign Scan on public.s3  (cost=10.00..3421.47 rows=3396 width=16)
   Output: (sqrt(value1)), (sqrt((value2)::double precision))
   Node: influxdb_svr / Status: Alive
     InfluxDB query: SELECT sqrt("value1"), sqrt("value2") FROM "s3" WHERE (("value2" <> 200))
(4 rows)

-- select sqrt (builtin function, pushdown constraints, result)
--Testcase 18:
SELECT * FROM (
SELECT sqrt(value1), sqrt(value2) FROM s3 WHERE value2 != 200
) AS t ORDER BY 1,2;
        sqrt         | sqrt 
---------------------+------
 0.31622776601683794 |   10
  0.4472135954999579 |   10
  0.5477225575051661 |   10
(3 rows)

-- select abs (builtin function, explain)
--Testcase 19:
EXPLAIN VERBOSE
SELECT abs(value1), abs(value2), abs(value3), abs(value4) FROM s3;
                                           QUERY PLAN                                            
-------------------------------------------------------------------------------------------------
 Foreign Scan on public.s3  (cost=10.00..3447.13 rows=3413 width=32)
   Output: (abs(value1)), (abs(value2)), (abs(value3)), (abs(value4))
   Node: influxdb_svr / Status: Alive
     InfluxDB query: SELECT abs("value1"), abs("value2"), abs("value3"), abs("value4") FROM "s3"
(4 rows)

-- ABS() returns negative values if integer (https://github.com/influxdata/influxdb/issues/10261)
-- select abs (buitin function, result)
--Testcase 20:
SELECT * FROM (
SELECT abs(value1), abs(value2), abs(value3), abs(value4) FROM s3
) AS t ORDER BY 1,2,3,4;
 abs | abs | abs | abs 
-----+-----+-----+-----
 0.1 | 100 | 0.1 | 100
 0.2 | 100 | 0.2 | 100
 0.3 | 100 | 0.3 | 100
 1.1 | 200 | 1.1 | 200
 2.2 | 200 | 2.2 | 200
 3.3 | 200 | 3.3 | 200
(6 rows)

-- select abs (builtin function, not pushdown constraints, explain)
--Testcase 21:
EXPLAIN VERBOSE
SELECT abs(value1), abs(value2), abs(value3), abs(value4) FROM s3 WHERE to_hex(value2) != '64';
                                                QUERY PLAN                                                 
-----------------------------------------------------------------------------------------------------------
 Foreign Scan on public.s3  (cost=10.00..3429.96 rows=3396 width=32)
   Output: (abs(value1)), (abs(value2)), (abs(value3)), (abs(value4))
   Filter: (to_hex(s3.value2) <> '64'::text)
   Node: influxdb_svr / Status: Alive
     InfluxDB query: SELECT abs("value1"), abs("value2"), abs("value3"), abs("value4"), "value2" FROM "s3"
(5 rows)

-- select abs (builtin function, not pushdown constraints, result)
--Testcase 22:
SELECT * FROM (
SELECT abs(value1), abs(value2), abs(value3), abs(value4) FROM s3 WHERE to_hex(value2) != '64'
) AS t ORDER BY 1,2,3,4;
 abs | abs | abs | abs 
-----+-----+-----+-----
 1.1 | 200 | 1.1 | 200
 2.2 | 200 | 2.2 | 200
 3.3 | 200 | 3.3 | 200
(3 rows)

-- select abs (builtin function, pushdown constraints, explain)
--Testcase 23:
EXPLAIN VERBOSE
SELECT abs(value1), abs(value2), abs(value3), abs(value4) FROM s3 WHERE value2 != 200;
                                                        QUERY PLAN                                                         
---------------------------------------------------------------------------------------------------------------------------
 Foreign Scan on public.s3  (cost=10.00..3429.96 rows=3396 width=32)
   Output: (abs(value1)), (abs(value2)), (abs(value3)), (abs(value4))
   Node: influxdb_svr / Status: Alive
     InfluxDB query: SELECT abs("value1"), abs("value2"), abs("value3"), abs("value4") FROM "s3" WHERE (("value2" <> 200))
(4 rows)

-- select abs (builtin function, pushdown constraints, result)
--Testcase 24:
SELECT * FROM (
SELECT abs(value1), abs(value2), abs(value3), abs(value4) FROM s3 WHERE value2 != 200
) AS t ORDER BY 1,2,3,4;
 abs | abs | abs | abs 
-----+-----+-----+-----
 0.1 | 100 | 0.1 | 100
 0.2 | 100 | 0.2 | 100
 0.3 | 100 | 0.3 | 100
(3 rows)

-- select log (builtin function, need to swap arguments, numeric cast, explain)
-- log_<base>(v) : postgresql (base, v), influxdb (v, base)
--Testcase 25:
EXPLAIN VERBOSE
SELECT log(value1::numeric, value2::numeric) FROM s3 WHERE value1 != 1;
                                      QUERY PLAN                                      
--------------------------------------------------------------------------------------
 Foreign Scan on public.s3  (cost=10.00..3421.47 rows=3396 width=32)
   Output: (log((value1)::numeric, (value2)::numeric))
   Node: influxdb_svr / Status: Alive
     InfluxDB query: SELECT log("value2", "value1") FROM "s3" WHERE (("value1" <> 1))
(4 rows)

-- select log (builtin function, need to swap arguments, numeric cast, result)
--Testcase 26:
SELECT * FROM (
SELECT log(value1::numeric, value2::numeric) FROM s3 WHERE value1 != 1
) AS t ORDER BY 1;
         log         
---------------------
  -3.824978578786397
 -2.8613531161467867
 -2.0000000000000004
    4.43773989221174
   6.719852756654074
  55.590256753535286
(6 rows)

-- select log (stub function, need to swap arguments, float8, explain)
--Testcase 27:
EXPLAIN VERBOSE
SELECT log(value1, 0.1) FROM s3 WHERE value1 != 1;
                                   QUERY PLAN                                    
---------------------------------------------------------------------------------
 Foreign Scan on public.s3  (cost=10.00..4245.00 rows=3396 width=8)
   Output: (log(value1, '0.1'::double precision))
   Node: influxdb_svr / Status: Alive
     InfluxDB query: SELECT log(0.1, "value1") FROM "s3" WHERE (("value1" <> 1))
(4 rows)

-- select log (stub function, need to swap arguments, float8, result)
--Testcase 28:
SELECT * FROM (
SELECT log(value1, 0.1) FROM s3 WHERE value1 != 1
) AS t ORDER BY 1;
         log         
---------------------
 -24.158857928096783
   -2.92036730043365
 -1.9285884584617043
                   1
   1.430676558073393
   1.912489289393198
(6 rows)

-- select log (stub function, need to swap arguments, bigint, explain)
--Testcase 29:
EXPLAIN VERBOSE
SELECT log(value2, 3) FROM s3 WHERE value1 != 1;
                                  QUERY PLAN                                   
-------------------------------------------------------------------------------
 Foreign Scan on public.s3  (cost=10.00..4245.00 rows=3396 width=8)
   Output: (log(value2, '3'::bigint))
   Node: influxdb_svr / Status: Alive
     InfluxDB query: SELECT log(3, "value2") FROM "s3" WHERE (("value1" <> 1))
(4 rows)

-- select log (stub function, need to swap arguments, bigint, result)
--Testcase 30:
SELECT * FROM (
SELECT log(value2, 3) FROM s3 WHERE value1 != 1
) AS t ORDER BY 1;
         log         
---------------------
  0.2073511669203535
  0.2073511669203535
  0.2073511669203535
 0.23856062735983116
 0.23856062735983116
 0.23856062735983116
(6 rows)

-- select log (stub function, need to swap arguments, mix type, explain)
--Testcase 31:
EXPLAIN VERBOSE
SELECT log(value1, value2) FROM s3 WHERE value1 != 1;
                                      QUERY PLAN                                      
--------------------------------------------------------------------------------------
 Foreign Scan on public.s3  (cost=10.00..4253.49 rows=3396 width=8)
   Output: (log(value1, (value2)::double precision))
   Node: influxdb_svr / Status: Alive
     InfluxDB query: SELECT log("value2", "value1") FROM "s3" WHERE (("value1" <> 1))
(4 rows)

-- select log (stub function, need to swap arguments, mix type, result)
--Testcase 32:
SELECT * FROM (
SELECT log(value1, value2) FROM s3 WHERE value1 != 1
) AS t ORDER BY 1;
         log         
---------------------
  -3.824978578786397
 -2.8613531161467867
 -2.0000000000000004
    4.43773989221174
   6.719852756654074
  55.590256753535286
(6 rows)

-- select log2 (stub function, explain)
--Testcase 33:
EXPLAIN VERBOSE
SELECT log2(value1),log2(value2) FROM s3;
                             QUERY PLAN                              
---------------------------------------------------------------------
 Foreign Scan on public.s3  (cost=10.00..5119.50 rows=3413 width=16)
   Output: (log2(value1)), (log2(value2))
   Node: influxdb_svr / Status: Alive
     InfluxDB query: SELECT log2("value1"), log2("value2") FROM "s3"
(4 rows)

-- select log2 (stub function, result)
--Testcase 34:
SELECT * FROM (
SELECT log2(value1),log2(value2) FROM s3
) AS t ORDER BY 1,2;
        log2         |       log2        
---------------------+-------------------
  -3.321928094887362 | 6.643856189774724
  -2.321928094887362 | 6.643856189774724
  -1.736965594166206 | 6.643856189774724
 0.13750352374993502 | 7.643856189774724
  1.1375035237499351 | 7.643856189774724
   1.722466024471091 | 7.643856189774724
(6 rows)

-- select spread (stub agg function, explain)
--Testcase 35:
EXPLAIN VERBOSE
SELECT spread(value1),spread(value2),spread(value3),spread(value4) FROM s3;
                                                                         QUERY PLAN                                                                          
-------------------------------------------------------------------------------------------------------------------------------------------------------------
 Foreign Scan  (cost=0.00..0.00 rows=1 width=32)
   Output: (spread(value1)), (spread(value2)), (spread(value3)), (spread(value4))
   Node: influxdb_svr / Status: Alive
     Agg push-down: yes
     InfluxDB query: SELECT min("value1"), max("value1"), min("value2"), max("value2"), min("value3"), max("value3"), min("value4"), max("value4") FROM "s3"
(5 rows)

-- select spread (stub agg function, result)
--Testcase 36:
SELECT spread(value1),spread(value2),spread(value3),spread(value4) FROM s3;
       spread       | spread |       spread       | spread 
--------------------+--------+--------------------+--------
 3.1999999999999997 |    100 | 3.1999999999999997 |    100
(1 row)

-- select spread (stub agg function with numeric cast, explain)
--Testcase 37:
EXPLAIN VERBOSE
SELECT spread(value1::numeric),spread(value2::numeric),spread(value3::numeric),spread(value4::numeric) FROM s3;
                                                                                              QUERY PLAN                                                                                              
------------------------------------------------------------------------------------------------------------------------------------------------------------------------------------------------------
 Aggregate  (cost=6894.26..6894.27 rows=1 width=32)
   Output: spread(((value1)::numeric)::double precision), spread(((value2)::numeric)::double precision), spread(((value3)::numeric)::double precision), spread(((value4)::numeric)::double precision)
   ->  Foreign Scan on public.s3  (cost=10.00..3413.00 rows=3413 width=32)
         Output: value1, value2, value3, value4
         Node: influxdb_svr / Status: Alive
           InfluxDB query: SELECT "value1", "value2", "value3", "value4" FROM "s3"
(6 rows)

-- select spread (stub agg function with numeric cast, cannot pushdown and calling stub leads exception)
--Testcase 38:
SELECT spread(value1::numeric),spread(value2::numeric),spread(value3::numeric),spread(value4::numeric) FROM s3;
ERROR:  stub spread_sfunc(double precision, float8) is called
CONTEXT:  PL/pgSQL function spread_sfunc(double precision,double precision) line 3 at RAISE
-- select abs as nest function with agg (pushdown, explain)
--Testcase 39:
EXPLAIN VERBOSE
SELECT sum(value3),abs(sum(value3)) FROM s3;
                     QUERY PLAN                     
----------------------------------------------------
 Foreign Scan  (cost=0.00..0.00 rows=1 width=16)
   Output: (sum(value3)), abs((sum(value3)))
   Node: influxdb_svr / Status: Alive
     Agg push-down: yes
     InfluxDB query: SELECT sum("value3") FROM "s3"
(5 rows)

-- select abs as nest function with agg (pushdown, result)
--Testcase 40:
SELECT sum(value3),abs(sum(value3)) FROM s3;
        sum         |        abs        
--------------------+-------------------
 -7.199999999999999 | 7.199999999999999
(1 row)

-- select abs as nest with log2 (pushdown, explain)
--Testcase 41:
EXPLAIN VERBOSE
SELECT abs(log2(value1)),abs(log2(1/value1)) FROM s3;
                                     QUERY PLAN                                      
-------------------------------------------------------------------------------------
 Foreign Scan on public.s3  (cost=10.00..5145.10 rows=3413 width=16)
   Output: (abs(log2(value1))), (abs(log2(('1'::double precision / value1))))
   Node: influxdb_svr / Status: Alive
     InfluxDB query: SELECT abs(log2("value1")), abs(log2((1 / "value1"))) FROM "s3"
(4 rows)

-- select abs as nest with log2 (pushdown, result)
--Testcase 42:
SELECT * FROM (
SELECT abs(log2(value1)),abs(log2(1/value1)) FROM s3
) AS t ORDER BY 1,2;
         abs         |         abs         
---------------------+---------------------
 0.13750352374993502 | 0.13750352374993496
  1.1375035237499351 |   1.137503523749935
   1.722466024471091 |   1.722466024471091
   1.736965594166206 |   1.736965594166206
   2.321928094887362 |   2.321928094887362
   3.321928094887362 |   3.321928094887362
(6 rows)

-- select abs with non pushdown func and explicit constant (explain)
--Testcase 43:
EXPLAIN VERBOSE
SELECT abs(value3), pi(), 4.1 FROM s3;
                             QUERY PLAN                              
---------------------------------------------------------------------
 Foreign Scan on public.s3  (cost=10.00..3421.53 rows=3413 width=48)
   Output: (abs(value3)), '3.141592653589793'::double precision, 4.1
   Node: influxdb_svr / Status: Alive
     InfluxDB query: SELECT abs("value3") FROM "s3"
(4 rows)

-- select abs with non pushdown func and explicit constant (result)
--Testcase 44:
SELECT * FROM (
SELECT abs(value3), pi(), 4.1 FROM s3
) AS t ORDER BY 1,2,3;
 abs |        pi         | ?column? 
-----+-------------------+----------
 0.1 | 3.141592653589793 |      4.1
 0.2 | 3.141592653589793 |      4.1
 0.3 | 3.141592653589793 |      4.1
 1.1 | 3.141592653589793 |      4.1
 2.2 | 3.141592653589793 |      4.1
 3.3 | 3.141592653589793 |      4.1
(6 rows)

-- select sqrt as nest function with agg and explicit constant (pushdown, explain)
--Testcase 45:
EXPLAIN VERBOSE
SELECT sqrt(count(value1)), pi(), 4.1 FROM s3;
                                           QUERY PLAN                                            
-------------------------------------------------------------------------------------------------
 Foreign Scan  (cost=0.00..0.00 rows=1 width=48)
   Output: sqrt(((count(value1)))::double precision), '3.141592653589793'::double precision, 4.1
   Node: influxdb_svr / Status: Alive
     Agg push-down: yes
     InfluxDB query: SELECT count("value1") FROM "s3"
(5 rows)

-- select sqrt as nest function with agg and explicit constant (pushdown, result)
--Testcase 46:
SELECT sqrt(count(value1)), pi(), 4.1 FROM s3;
       sqrt        |        pi         | ?column? 
-------------------+-------------------+----------
 2.449489742783178 | 3.141592653589793 |      4.1
(1 row)

-- select sqrt as nest function with agg and explicit constant and tag (error, explain)
--Testcase 47:
EXPLAIN VERBOSE
SELECT sqrt(count(value1)), pi(), 4.1, tag1 FROM s3;
ERROR:  column "s3.tag1" must appear in the GROUP BY clause or be used in an aggregate function
LINE 2: SELECT sqrt(count(value1)), pi(), 4.1, tag1 FROM s3;
                                               ^
-- select spread (stub agg function and group by influx_time() and tag) (explain)
--Testcase 48:
EXPLAIN VERBOSE
SELECT spread("value1"),influx_time(time, interval '1s'),tag1 FROM s3 WHERE time >= to_timestamp(0) and time <= to_timestamp(4) GROUP BY influx_time(time, interval '1s'), tag1;
                                                                QUERY PLAN                                                                 
-------------------------------------------------------------------------------------------------------------------------------------------
 HashAggregate  (cost=25.59..25.85 rows=1 width=48)
   Output: spread(value1), (influx_time("time", '@ 1 sec'::interval)), tag1
   Group Key: influx_time(s3."time", '@ 1 sec'::interval), s3.tag1
   ->  Foreign Scan on public.s3  (cost=10.00..21.25 rows=17 width=48)
         Output: influx_time("time", '@ 1 sec'::interval), tag1, value1
         Node: influxdb_svr / Status: Alive
           InfluxDB query: SELECT "tag1", "value1" FROM "s3" WHERE ((time >= '1970-01-01 00:00:00')) AND ((time <= '1970-01-01 00:00:04'))
(7 rows)

-- select spread (stub agg function and group by influx_time() and tag) (result)
--Testcase 49:
SELECT * FROM (
SELECT spread("value1"),influx_time(time, interval '1s'),tag1 FROM s3 WHERE time >= to_timestamp(0) and time <= to_timestamp(4) GROUP BY influx_time(time, interval '1s'), tag1
) AS t ORDER BY 1,2,3;
ERROR:  stub influx_time(timestamp with time zone, interval) is called
CONTEXT:  PL/pgSQL function influx_time(timestamp with time zone,interval) line 3 at RAISE
-- select spread (stub agg function and group by tag only) (result)
--Testcase 50:
SELECT * FROM (
SELECT tag1,spread("value1") FROM s3 WHERE time >= to_timestamp(0) and time <= to_timestamp(4) GROUP BY tag1
) AS t ORDER BY 1,2;
 tag1 |       spread        
------+---------------------
 a    | 0.19999999999999998
 b    |                 1.1
(2 rows)

-- select spread (stub agg function and other aggs) (result)
--Testcase 51:
SELECT sum("value1"),spread("value1"),count("value1") FROM s3;
        sum        |       spread       | count 
-------------------+--------------------+-------
 7.199999999999999 | 3.1999999999999997 |     6
(1 row)

-- select abs with order by (explain)
--Testcase 52:
EXPLAIN VERBOSE
SELECT value1, abs(1-value1) FROM s3 ORDER BY abs(1-value1);
                                QUERY PLAN                                 
---------------------------------------------------------------------------
 Sort  (cost=3630.35..3638.89 rows=3413 width=16)
   Output: value1, (abs(('1'::double precision - value1)))
   Sort Key: (abs(('1'::double precision - s3.value1)))
   ->  Foreign Scan on public.s3  (cost=10.00..3430.07 rows=3413 width=16)
         Output: value1, (abs(('1'::double precision - value1)))
         Node: influxdb_svr / Status: Alive
           InfluxDB query: SELECT "value1", abs((1 - "value1")) FROM "s3"
(7 rows)

-- select abs with order by (result)
--Testcase 53:
SELECT value1, abs(1-value1) FROM s3 ORDER BY abs(1-value1);
 value1 |         abs         
--------+---------------------
    1.1 | 0.10000000000000009
    0.3 |                 0.7
    0.2 |                 0.8
    0.1 |                 0.9
    2.2 |  1.2000000000000002
    3.3 |                 2.3
(6 rows)

-- select abs with order by index (result)
--Testcase 54:
SELECT value1, abs(1-value1) FROM s3 ORDER BY 2,1;
 value1 |         abs         
--------+---------------------
    1.1 | 0.10000000000000009
    0.3 |                 0.7
    0.2 |                 0.8
    0.1 |                 0.9
    2.2 |  1.2000000000000002
    3.3 |                 2.3
(6 rows)

-- select abs with order by index (result)
--Testcase 55:
SELECT value1, abs(1-value1) FROM s3 ORDER BY 1,2;
 value1 |         abs         
--------+---------------------
    0.1 |                 0.9
    0.2 |                 0.8
    0.3 |                 0.7
    1.1 | 0.10000000000000009
    2.2 |  1.2000000000000002
    3.3 |                 2.3
(6 rows)

-- select abs and as
--Testcase 56:
SELECT * FROM (
SELECT abs(value3) as abs1 FROM s3
) AS t ORDER BY 1;
 abs1 
------
  0.1
  0.2
  0.3
  1.1
  2.2
  3.3
(6 rows)

-- select spread over join query (explain)
--Testcase 57:
EXPLAIN VERBOSE
SELECT spread(t1.value1), spread(t2.value1) FROM s3 t1 INNER JOIN s3 t2 ON (t1.value1 = t2.value1) where t1.value1 = 0.1;
                                        QUERY PLAN                                        
------------------------------------------------------------------------------------------
 Aggregate  (cost=182.16..182.16 rows=1 width=16)
   Output: spread(t1.value1), spread(t2.value1)
   ->  Nested Loop  (cost=20.00..37.66 rows=289 width=16)
         Output: t1.value1, t2.value1
         ->  Foreign Scan on public.s3 t1  (cost=10.00..17.00 rows=17 width=8)
               Output: t1.value1
               Node: influxdb_svr / Status: Alive
                 InfluxDB query: SELECT "value1" FROM "s3" WHERE (("value1" = 0.1))
         ->  Materialize  (cost=10.00..17.09 rows=17 width=8)
               Output: t2.value1
               ->  Foreign Scan on public.s3 t2  (cost=10.00..17.00 rows=17 width=8)
                     Output: t2.value1
                     Node: influxdb_svr / Status: Alive
                       InfluxDB query: SELECT "value1" FROM "s3" WHERE (("value1" = 0.1))
(14 rows)

-- select spread over join query (result, stub call error)
--Testcase 58:
SELECT spread(t1.value1), spread(t2.value1) FROM s3 t1 INNER JOIN s3 t2 ON (t1.value1 = t2.value1) where t1.value1 = 0.1;
ERROR:  stub spread_sfunc(double precision, float8) is called
CONTEXT:  PL/pgSQL function spread_sfunc(double precision,double precision) line 3 at RAISE
-- select spread with having (explain)
--Testcase 59:
EXPLAIN VERBOSE
SELECT spread(value1) FROM s3 HAVING spread(value1) > 100;
                            QUERY PLAN                             
-------------------------------------------------------------------
 Foreign Scan  (cost=0.00..0.00 rows=1 width=8)
   Output: (spread(value1))
   Node: influxdb_svr / Status: Alive
     Agg push-down: yes
     InfluxDB query: SELECT min("value1"), max("value1") FROM "s3"
(5 rows)

-- select spread with having (explain, cannot pushdown, stub call error)
--Testcase 60:
SELECT spread(value1) FROM s3 HAVING spread(value1) > 100;
 spread 
--------
(0 rows)

-- select abs with arithmetic and tag in the middle (explain)
--Testcase 61:
EXPLAIN VERBOSE
SELECT abs(value1) + 1, value2, tag1, sqrt(value2) FROM s3;
                                             QUERY PLAN                                              
-----------------------------------------------------------------------------------------------------
 Foreign Scan on public.s3  (cost=10.00..3447.13 rows=3413 width=56)
   Output: ((abs(value1) + '1'::double precision)), value2, tag1, (sqrt((value2)::double precision))
   Node: influxdb_svr / Status: Alive
     InfluxDB query: SELECT (abs("value1") + 1), "value2", "tag1", sqrt("value2") FROM "s3"
(4 rows)

-- select abs with arithmetic and tag in the middle (result)
--Testcase 62:
SELECT * FROM (
SELECT abs(value1) + 1, value2, tag1, sqrt(value2) FROM s3
) AS t ORDER BY 1,2,3,4;
 ?column? | value2 | tag1 |        sqrt        
----------+--------+------+--------------------
      1.1 |    100 | a    |                 10
      1.2 |    100 | a    |                 10
      1.3 |    100 | a    |                 10
      2.1 |    200 | b    | 14.142135623730951
      3.2 |    200 | b    | 14.142135623730951
      4.3 |    200 | b    | 14.142135623730951
(6 rows)

-- select with order by limit (explain)
--Testcase 63:
EXPLAIN VERBOSE
SELECT abs(value1), abs(value3), sqrt(value2) FROM s3 ORDER BY abs(value3) LIMIT 1;
                                          QUERY PLAN                                           
-----------------------------------------------------------------------------------------------
 Limit  (cost=3464.20..3464.20 rows=1 width=24)
   Output: (abs(value1)), (abs(value3)), (sqrt((value2)::double precision))
   ->  Sort  (cost=3464.20..3472.73 rows=3413 width=24)
         Output: (abs(value1)), (abs(value3)), (sqrt((value2)::double precision))
         Sort Key: (abs(s3.value3))
         ->  Foreign Scan on public.s3  (cost=10.00..3447.13 rows=3413 width=24)
               Output: (abs(value1)), (abs(value3)), (sqrt((value2)::double precision))
               Node: influxdb_svr / Status: Alive
                 InfluxDB query: SELECT abs("value1"), abs("value3"), sqrt("value2") FROM "s3"
(9 rows)

-- select with order by limit (explain)
--Testcase 64:
SELECT abs(value1), abs(value3), sqrt(value2) FROM s3 ORDER BY abs(value3) LIMIT 1;
 abs | abs | sqrt 
-----+-----+------
 0.1 | 0.1 |   10
(1 row)

-- select mixing with non pushdown func (all not pushdown, explain)
--Testcase 65:
EXPLAIN VERBOSE
SELECT abs(value1), sqrt(value2), upper(tag1) FROM s3;
                              QUERY PLAN                              
----------------------------------------------------------------------
 Foreign Scan on public.s3  (cost=10.00..3447.13 rows=3413 width=48)
   Output: abs(value1), sqrt((value2)::double precision), upper(tag1)
   Node: influxdb_svr / Status: Alive
     InfluxDB query: SELECT "tag1", "value1", "value2" FROM "s3"
(4 rows)

-- select mixing with non pushdown func (result)
--Testcase 66:
SELECT * FROM (
SELECT abs(value1), sqrt(value2), upper(tag1) FROM s3
) AS t ORDER BY 1,2,3;
 abs |        sqrt        | upper 
-----+--------------------+-------
 0.1 |                 10 | A
 0.2 |                 10 | A
 0.3 |                 10 | A
 1.1 | 14.142135623730951 | B
 2.2 | 14.142135623730951 | B
 3.3 | 14.142135623730951 | B
(6 rows)

--Testcase 67:
DROP FOREIGN TABLE s3__influxdb_svr__0;
--Testcase 68:
DROP USER MAPPING FOR CURRENT_USER SERVER influxdb_svr;
--Testcase 69:
DROP SERVER influxdb_svr;
--Testcase 70:
DROP EXTENSION influxdb_fdw;
--Testcase 71:
DROP FOREIGN TABLE s3;
----------------------------------------------------------
-- Data source: sqlite
--Testcase 72:
CREATE FOREIGN TABLE s3 (id text, time timestamp, tag1 text, value1 float, value2 int, value3 float, value4 int, str1 text, str2 text, __spd_url text) SERVER pgspider_core_svr;
--Testcase 73:
CREATE EXTENSION sqlite_fdw;
--Testcase 74:
CREATE SERVER sqlite_svr FOREIGN DATA WRAPPER sqlite_fdw
OPTIONS (database '/tmp/pgtest.db');
--Testcase 75:
CREATE FOREIGN TABLE s3__sqlite_svr__0 (id text OPTIONS (key 'true'), time timestamp, tag1 text, value1 float, value2 int, value3 float, value4 int, str1 text, str2 text) SERVER sqlite_svr OPTIONS(table 's3');
-- s3 (value1 as float8, value2 as bigint)
--Testcase 76:
\d s3;
                               Foreign table "public.s3"
  Column   |            Type             | Collation | Nullable | Default | FDW options 
-----------+-----------------------------+-----------+----------+---------+-------------
 id        | text                        |           |          |         | 
 time      | timestamp without time zone |           |          |         | 
 tag1      | text                        |           |          |         | 
 value1    | double precision            |           |          |         | 
 value2    | integer                     |           |          |         | 
 value3    | double precision            |           |          |         | 
 value4    | integer                     |           |          |         | 
 str1      | text                        |           |          |         | 
 str2      | text                        |           |          |         | 
 __spd_url | text                        |           |          |         | 
Server: pgspider_core_svr

--Testcase 77:
SELECT * FROM s3 ORDER BY 1,2,3,4,5,6,7,8,9,10;
 id |        time         | tag1 | value1 | value2 | value3 | value4 |   str1    |   str2    |  __spd_url   
----+---------------------+------+--------+--------+--------+--------+-----------+-----------+--------------
 0  | 1970-01-01 00:00:00 | a    |    0.1 |    100 |   -0.1 |   -100 | ---XYZ--- |    XYZ    | /sqlite_svr/
 1  | 1970-01-01 00:00:01 | a    |    0.2 |    100 |   -0.2 |   -100 | ---XYZ--- |    XYZ    | /sqlite_svr/
 2  | 1970-01-01 00:00:02 | a    |    0.3 |    100 |   -0.3 |   -100 | ---XYZ--- |    XYZ    | /sqlite_svr/
 3  | 1970-01-01 00:00:03 | b    |    1.1 |    200 |   -1.1 |   -200 | ---XYZ--- |    XYZ    | /sqlite_svr/
 4  | 1970-01-01 00:00:04 | b    |    2.2 |    200 |   -2.2 |   -200 | ---XYZ--- |    XYZ    | /sqlite_svr/
 5  | 1970-01-01 00:00:05 | b    |    3.3 |    200 |   -3.3 |   -200 | ---XYZ--- |    XYZ    | /sqlite_svr/
(6 rows)

-- select abs (builtin function, explain)
--Testcase 78:
EXPLAIN VERBOSE
SELECT abs(value1), abs(value2), abs(value3), abs(value4) FROM s3;
                                             QUERY PLAN                                             
----------------------------------------------------------------------------------------------------
 Foreign Scan on public.s3  (cost=10.00..1010000.00 rows=1000000 width=24)
   Output: (abs(value1)), (abs(value2)), (abs(value3)), (abs(value4))
   Node: sqlite_svr / Status: Alive
     SQLite query: SELECT abs(`value1`), abs(`value2`), abs(`value3`), abs(`value4`) FROM main."s3"
(4 rows)

-- select abs (buitin function, result)
--Testcase 79:
SELECT * FROM (
SELECT abs(value1), abs(value2), abs(value3), abs(value4) FROM s3
) AS t ORDER BY 1,2,3,4;
 abs | abs | abs | abs 
-----+-----+-----+-----
 0.1 | 100 | 0.1 | 100
 0.2 | 100 | 0.2 | 100
 0.3 | 100 | 0.3 | 100
 1.1 | 200 | 1.1 | 200
 2.2 | 200 | 2.2 | 200
 3.3 | 200 | 3.3 | 200
(6 rows)

-- select abs (builtin function, not pushdown constraints, explain)
--Testcase 80:
EXPLAIN VERBOSE
SELECT abs(value1), abs(value2), abs(value3), abs(value4) FROM s3 WHERE to_hex(value2) != '64';
                                                  QUERY PLAN                                                  
--------------------------------------------------------------------------------------------------------------
 Foreign Scan on public.s3  (cost=10.00..1010000.00 rows=1000000 width=24)
   Output: (abs(value1)), (abs(value2)), (abs(value3)), (abs(value4))
   Filter: (to_hex(s3.value2) <> '64'::text)
   Node: sqlite_svr / Status: Alive
     SQLite query: SELECT abs(`value1`), abs(`value2`), abs(`value3`), abs(`value4`), `value2` FROM main."s3"
(5 rows)

-- select abs (builtin function, not pushdown constraints, result)
--Testcase 81:
SELECT * FROM (
SELECT abs(value1), abs(value2), abs(value3), abs(value4) FROM s3 WHERE to_hex(value2) != '64'
) AS t ORDER BY 1,2,3,4;
 abs | abs | abs | abs 
-----+-----+-----+-----
 1.1 | 200 | 1.1 | 200
 2.2 | 200 | 2.2 | 200
 3.3 | 200 | 3.3 | 200
(3 rows)

-- select abs (builtin function, pushdown constraints, explain)
--Testcase 82:
EXPLAIN VERBOSE
SELECT abs(value1), abs(value2), abs(value3), abs(value4) FROM s3 WHERE value2 != 200;
                                                          QUERY PLAN                                                          
------------------------------------------------------------------------------------------------------------------------------
 Foreign Scan on public.s3  (cost=10.00..1010000.00 rows=1000000 width=24)
   Output: (abs(value1)), (abs(value2)), (abs(value3)), (abs(value4))
   Node: sqlite_svr / Status: Alive
     SQLite query: SELECT abs(`value1`), abs(`value2`), abs(`value3`), abs(`value4`) FROM main."s3" WHERE ((`value2` <> 200))
(4 rows)

-- select abs (builtin function, pushdown constraints, result)
--Testcase 83:
SELECT * FROM (
SELECT abs(value1), abs(value2), abs(value3), abs(value4) FROM s3 WHERE value2 != 200
) AS t ORDER BY 1,2,3,4;
 abs | abs | abs | abs 
-----+-----+-----+-----
 0.1 | 100 | 0.1 | 100
 0.2 | 100 | 0.2 | 100
 0.3 | 100 | 0.3 | 100
(3 rows)

-- select abs as nest function with agg (pushdown, explain)
--Testcase 84:
EXPLAIN VERBOSE
SELECT sum(value3),abs(sum(value3)) FROM s3;
                      QUERY PLAN                       
-------------------------------------------------------
 Foreign Scan  (cost=0.00..0.00 rows=1 width=16)
   Output: (sum(value3)), abs((sum(value3)))
   Node: sqlite_svr / Status: Alive
     Agg push-down: yes
     SQLite query: SELECT sum(`value3`) FROM main."s3"
(5 rows)

-- select abs as nest function with agg (pushdown, result)
--Testcase 85:
SELECT sum(value3),abs(sum(value3)) FROM s3;
 sum  | abs 
------+-----
 -7.2 | 7.2
(1 row)

-- select abs with non pushdown func and explicit constant (explain)
--Testcase 86:
EXPLAIN VERBOSE
SELECT abs(value3), pi(), 4.1 FROM s3;
                                QUERY PLAN                                 
---------------------------------------------------------------------------
 Foreign Scan on public.s3  (cost=10.00..1002500.00 rows=1000000 width=48)
   Output: (abs(value3)), '3.141592653589793'::double precision, 4.1
   Node: sqlite_svr / Status: Alive
     SQLite query: SELECT abs(`value3`) FROM main."s3"
(4 rows)

-- select abs with non pushdown func and explicit constant (result)
--Testcase 87:
SELECT * FROM (
SELECT abs(value3), pi(), 4.1 FROM s3
) AS t ORDER BY 1,2,3;
 abs |        pi         | ?column? 
-----+-------------------+----------
 0.1 | 3.141592653589793 |      4.1
 0.2 | 3.141592653589793 |      4.1
 0.3 | 3.141592653589793 |      4.1
 1.1 | 3.141592653589793 |      4.1
 2.2 | 3.141592653589793 |      4.1
 3.3 | 3.141592653589793 |      4.1
(6 rows)

-- select abs with order by (explain)
--Testcase 88:
EXPLAIN VERBOSE
SELECT value1, abs(1-value1) FROM s3 ORDER BY abs(1-value1);
                                   QUERY PLAN                                    
---------------------------------------------------------------------------------
 Sort  (cost=1121748.34..1124248.34 rows=1000000 width=16)
   Output: value1, (abs(('1'::double precision - value1)))
   Sort Key: (abs(('1'::double precision - s3.value1)))
   ->  Foreign Scan on public.s3  (cost=10.00..1005000.00 rows=1000000 width=16)
         Output: value1, (abs(('1'::double precision - value1)))
         Node: sqlite_svr / Status: Alive
           SQLite query: SELECT `value1`, abs((1 - `value1`)) FROM main."s3"
(7 rows)

-- select abs with order by (result)
--Testcase 89:
SELECT value1, abs(1-value1) FROM s3 ORDER BY abs(1-value1);
 value1 |         abs         
--------+---------------------
    1.1 | 0.10000000000000009
    0.3 |                 0.7
    0.2 |                 0.8
    0.1 |                 0.9
    2.2 |  1.2000000000000002
    3.3 |                 2.3
(6 rows)

-- select abs with order by index (result)
--Testcase 90:
SELECT value1, abs(1-value1) FROM s3 ORDER BY 2,1;
 value1 |         abs         
--------+---------------------
    1.1 | 0.10000000000000009
    0.3 |                 0.7
    0.2 |                 0.8
    0.1 |                 0.9
    2.2 |  1.2000000000000002
    3.3 |                 2.3
(6 rows)

-- select abs with order by index (result)
--Testcase 91:
SELECT value1, abs(1-value1) FROM s3 ORDER BY 1,2;
 value1 |         abs         
--------+---------------------
    0.1 |                 0.9
    0.2 |                 0.8
    0.3 |                 0.7
    1.1 | 0.10000000000000009
    2.2 |  1.2000000000000002
    3.3 |                 2.3
(6 rows)

-- select abs and as
--Testcase 92:
SELECT * FROM (
SELECT abs(value3) as abs1 FROM s3
) AS t ORDER BY 1;
 abs1 
------
  0.1
  0.2
  0.3
  1.1
  2.2
  3.3
(6 rows)

-- select abs with arithmetic and tag in the middle (explain)
--Testcase 93:
EXPLAIN VERBOSE
SELECT abs(value1) + 1, value2, tag1, sqrt(value2) FROM s3;
                                           QUERY PLAN                                            
-------------------------------------------------------------------------------------------------
 Foreign Scan on public.s3  (cost=10.00..1010000.00 rows=1000000 width=52)
   Output: (abs(value1) + '1'::double precision), value2, tag1, sqrt((value2)::double precision)
   Node: sqlite_svr / Status: Alive
     SQLite query: SELECT `tag1`, `value1`, `value2` FROM main."s3"
(4 rows)

-- select abs with arithmetic and tag in the middle (result)
--Testcase 94:
SELECT * FROM (
SELECT abs(value1) + 1, value2, tag1, sqrt(value2) FROM s3
) AS t ORDER BY 1,2,3,4;
 ?column? | value2 | tag1 |        sqrt        
----------+--------+------+--------------------
      1.1 |    100 | a    |                 10
      1.2 |    100 | a    |                 10
      1.3 |    100 | a    |                 10
      2.1 |    200 | b    | 14.142135623730951
      3.2 |    200 | b    | 14.142135623730951
      4.3 |    200 | b    | 14.142135623730951
(6 rows)

-- select with order by limit (explain)
--Testcase 95:
EXPLAIN VERBOSE
SELECT abs(value1), abs(value3), sqrt(value2) FROM s3 ORDER BY abs(value3) LIMIT 1;
                                      QUERY PLAN                                       
---------------------------------------------------------------------------------------
 Limit  (cost=1015000.00..1015000.00 rows=1 width=24)
   Output: (abs(value1)), (abs(value3)), (sqrt((value2)::double precision))
   ->  Sort  (cost=1015000.00..1017500.00 rows=1000000 width=24)
         Output: (abs(value1)), (abs(value3)), (sqrt((value2)::double precision))
         Sort Key: (abs(s3.value3))
         ->  Foreign Scan on public.s3  (cost=10.00..1010000.00 rows=1000000 width=24)
               Output: abs(value1), abs(value3), sqrt((value2)::double precision)
               Node: sqlite_svr / Status: Alive
                 SQLite query: SELECT `value1`, `value2`, `value3` FROM main."s3"
(9 rows)

-- select with order by limit (explain)
--Testcase 96:
SELECT abs(value1), abs(value3), sqrt(value2) FROM s3 ORDER BY abs(value3) LIMIT 1;
 abs | abs | sqrt 
-----+-----+------
 0.1 | 0.1 |   10
(1 row)

-- select mixing with non pushdown func (all not pushdown, explain)
--Testcase 97:
EXPLAIN VERBOSE
SELECT abs(value1), sqrt(value2), upper(tag1) FROM s3;
                                QUERY PLAN                                 
---------------------------------------------------------------------------
 Foreign Scan on public.s3  (cost=10.00..1010000.00 rows=1000000 width=48)
   Output: abs(value1), sqrt((value2)::double precision), upper(tag1)
   Node: sqlite_svr / Status: Alive
     SQLite query: SELECT `tag1`, `value1`, `value2` FROM main."s3"
(4 rows)

-- select mixing with non pushdown func (result)
--Testcase 98:
SELECT * FROM (
SELECT abs(value1), sqrt(value2), upper(tag1) FROM s3
) AS t ORDER BY 1,2,3;
 abs |        sqrt        | upper 
-----+--------------------+-------
 0.1 |                 10 | A
 0.2 |                 10 | A
 0.3 |                 10 | A
 1.1 | 14.142135623730951 | B
 2.2 | 14.142135623730951 | B
 3.3 | 14.142135623730951 | B
(6 rows)

-- sqlite pushdown supported functions (explain)
--Testcase 99:
EXPLAIN VERBOSE
SELECT abs(value3), length(tag1), lower(str1), ltrim(str2), ltrim(str1, '-'), replace(str1, 'XYZ', 'ABC'), round(value3), rtrim(str1, '-'), rtrim(str2), substr(str1, 4), substr(str1, 4, 3) FROM s3;
                                                                                                                     QUERY PLAN                                                                                                                      
-----------------------------------------------------------------------------------------------------------------------------------------------------------------------------------------------------------------------------------------------------
 Foreign Scan on public.s3  (cost=10.00..1027500.00 rows=1000000 width=276)
   Output: (abs(value3)), (length(tag1)), (lower(str1)), (ltrim(str2)), (ltrim(str1, '-'::text)), (replace(str1, 'XYZ'::text, 'ABC'::text)), (round(value3)), (rtrim(str1, '-'::text)), (rtrim(str2)), (substr(str1, 4)), (substr(str1, 4, 3))
   Node: sqlite_svr / Status: Alive
     SQLite query: SELECT abs(`value3`), length(`tag1`), lower(`str1`), ltrim(`str2`), ltrim(`str1`, '-'), replace(`str1`, 'XYZ', 'ABC'), round(`value3`), rtrim(`str1`, '-'), rtrim(`str2`), substr(`str1`, 4), substr(`str1`, 4, 3) FROM main."s3"
(4 rows)

-- sqlite pushdown supported functions (result)
--Testcase 100:
SELECT * FROM (
SELECT abs(value3), length(tag1), lower(str1), ltrim(str2), ltrim(str1, '-'), replace(str1, 'XYZ', 'ABC'), round(value3), rtrim(str1, '-'), rtrim(str2), substr(str1, 4), substr(str1, 4, 3) FROM s3
) AS t ORDER BY 1,2,3,4,5,6,7,8,9,10,11;
 abs | length |   lower   | ltrim  | ltrim  |  replace  | round | rtrim  | rtrim  | substr | substr 
-----+--------+-----------+--------+--------+-----------+-------+--------+--------+--------+--------
 0.1 |      1 | ---xyz--- | XYZ    | XYZ--- | ---ABC--- |     0 | ---XYZ |    XYZ | XYZ--- | XYZ
 0.2 |      1 | ---xyz--- | XYZ    | XYZ--- | ---ABC--- |     0 | ---XYZ |    XYZ | XYZ--- | XYZ
 0.3 |      1 | ---xyz--- | XYZ    | XYZ--- | ---ABC--- |     0 | ---XYZ |    XYZ | XYZ--- | XYZ
 1.1 |      1 | ---xyz--- | XYZ    | XYZ--- | ---ABC--- |    -1 | ---XYZ |    XYZ | XYZ--- | XYZ
 2.2 |      1 | ---xyz--- | XYZ    | XYZ--- | ---ABC--- |    -2 | ---XYZ |    XYZ | XYZ--- | XYZ
 3.3 |      1 | ---xyz--- | XYZ    | XYZ--- | ---ABC--- |    -3 | ---XYZ |    XYZ | XYZ--- | XYZ
(6 rows)

--Testcase 101:
DROP FOREIGN TABLE s3__sqlite_svr__0;
--Testcase 102:
DROP SERVER sqlite_svr;
--Testcase 103:
DROP EXTENSION sqlite_fdw;
--Testcase 104:
DROP FOREIGN TABLE s3;
----------------------------------------------------------
-- Data source: mysql
--Testcase 105:
CREATE FOREIGN TABLE s3 (id int, tag1 text, value1 float, value2 int, value3 float, value4 int, str1 text, str2 text, __spd_url text) SERVER pgspider_core_svr;
--Testcase 106:
CREATE FOREIGN TABLE ftextsearch (id int, content text, __spd_url text) SERVER pgspider_core_svr;
--Testcase 107:
CREATE EXTENSION mysql_fdw;
--Testcase 108:
CREATE SERVER mysql_svr FOREIGN DATA WRAPPER mysql_fdw;
--Testcase 109:
CREATE USER MAPPING FOR CURRENT_USER SERVER mysql_svr OPTIONS(username 'root', password 'Mysql_1234');
--Testcase 110:
CREATE FOREIGN TABLE s3__mysql_svr__0 (id int, tag1 text, value1 float, value2 int, value3 float, value4 int, str1 text, str2 text) SERVER mysql_svr OPTIONS(dbname 'test', table_name 's3');
-- s3 (value1 as float8, value2 as bigint)
--Testcase 111:
\d s3;
                          Foreign table "public.s3"
  Column   |       Type       | Collation | Nullable | Default | FDW options 
-----------+------------------+-----------+----------+---------+-------------
 id        | integer          |           |          |         | 
 tag1      | text             |           |          |         | 
 value1    | double precision |           |          |         | 
 value2    | integer          |           |          |         | 
 value3    | double precision |           |          |         | 
 value4    | integer          |           |          |         | 
 str1      | text             |           |          |         | 
 str2      | text             |           |          |         | 
 __spd_url | text             |           |          |         | 
Server: pgspider_core_svr

--Testcase 112:
SELECT * FROM s3 ORDER BY 1,2,3,4,5,6,7,8,9;
 id | tag1 | value1 | value2 | value3 | value4 |   str1    |   str2    |  __spd_url  
----+------+--------+--------+--------+--------+-----------+-----------+-------------
  0 | a    |    0.1 |    100 |   -0.1 |   -100 | ---XYZ--- |    XYZ    | /mysql_svr/
  1 | a    |    0.2 |    100 |   -0.2 |   -100 | ---XYZ--- |    XYZ    | /mysql_svr/
  2 | a    |    0.3 |    100 |   -0.3 |   -100 | ---XYZ--- |    XYZ    | /mysql_svr/
  3 | b    |    1.1 |    200 |   -1.1 |   -200 | ---XYZ--- |    XYZ    | /mysql_svr/
  4 | b    |    2.2 |    200 |   -2.2 |   -200 | ---XYZ--- |    XYZ    | /mysql_svr/
  5 | b    |    3.3 |    200 |   -3.3 |   -200 | ---XYZ--- |    XYZ    | /mysql_svr/
(6 rows)

-- select float8() (not pushdown, remove float8, explain)
--Testcase 113:
EXPLAIN VERBOSE
SELECT float8(value1), float8(value2), float8(value3), float8(value4) FROM s3;
                                    QUERY PLAN                                    
----------------------------------------------------------------------------------
 Foreign Scan on public.s3  (cost=10.00..1015.00 rows=1000 width=32)
   Output: value1, float8(value2), value3, float8(value4)
   Node: mysql_svr / Status: Alive
     Local server startup cost: 10
     Remote query: SELECT `value1`, `value2`, `value3`, `value4` FROM `test`.`s3`
(5 rows)

-- select float8() (not pushdown, remove float8, result)
--Testcase 114:
SELECT * FROM (
SELECT float8(value1), float8(value2), float8(value3), float8(value4) FROM s3
) AS t ORDER BY 1,2,3,4;
 float8 | float8 | float8 | float8 
--------+--------+--------+--------
    0.1 |    100 |   -0.1 |   -100
    0.2 |    100 |   -0.2 |   -100
    0.3 |    100 |   -0.3 |   -100
    1.1 |    200 |   -1.1 |   -200
    2.2 |    200 |   -2.2 |   -200
    3.3 |    200 |   -3.3 |   -200
(6 rows)

-- select sqrt (builtin function, explain)
--Testcase 115:
EXPLAIN VERBOSE
SELECT sqrt(value1), sqrt(value2) FROM s3;
                                QUERY PLAN                                
--------------------------------------------------------------------------
 Foreign Scan on public.s3  (cost=10.00..1017.50 rows=1000 width=16)
   Output: (sqrt(value1)), (sqrt((value2)::double precision))
   Node: mysql_svr / Status: Alive
     Local server startup cost: 10
     Remote query: SELECT sqrt(`value1`), sqrt(`value2`) FROM `test`.`s3`
(5 rows)

-- select sqrt (buitin function, result)
--Testcase 116:
SELECT * FROM (
SELECT sqrt(value1), sqrt(value2) FROM s3
) AS t ORDER BY 1,2;
        sqrt        |        sqrt        
--------------------+--------------------
 0.3162277683729184 |                 10
 0.4472135988319589 |                 10
 0.5477225683874355 |                 10
 1.0488088595363112 | 14.142135623730951
 1.4832397134933097 | 14.142135623730951
 1.8165901993339841 | 14.142135623730951
(6 rows)

-- select sqrt (builtin function,, not pushdown constraints, explain)
--Testcase 117:
EXPLAIN VERBOSE
SELECT sqrt(value1), sqrt(value2) FROM s3 WHERE to_hex(value2) != '64';
                                     QUERY PLAN                                     
------------------------------------------------------------------------------------
 Foreign Scan on public.s3  (cost=10.00..1017.50 rows=1000 width=16)
   Output: (sqrt(value1)), (sqrt((value2)::double precision))
   Filter: (to_hex(s3.value2) <> '64'::text)
   Node: mysql_svr / Status: Alive
     Local server startup cost: 10
     Remote query: SELECT sqrt(`value1`), sqrt(`value2`), `value2` FROM `test`.`s3`
(6 rows)

-- select sqrt (builtin function, not pushdown constraints, result)
--Testcase 118:
SELECT * FROM (
SELECT sqrt(value1), sqrt(value2) FROM s3 WHERE to_hex(value2) != '64'
) AS t ORDER BY 1,2;
        sqrt        |        sqrt        
--------------------+--------------------
 1.0488088595363112 | 14.142135623730951
 1.4832397134933097 | 14.142135623730951
 1.8165901993339841 | 14.142135623730951
(3 rows)

-- select sqrt (builtin function, pushdown constraints, explain)
--Testcase 119:
EXPLAIN VERBOSE
SELECT sqrt(value1), sqrt(value2) FROM s3 WHERE value2 != 200;
                                             QUERY PLAN                                             
----------------------------------------------------------------------------------------------------
 Foreign Scan on public.s3  (cost=10.00..1017.50 rows=1000 width=16)
   Output: (sqrt(value1)), (sqrt((value2)::double precision))
   Node: mysql_svr / Status: Alive
     Local server startup cost: 10
     Remote query: SELECT sqrt(`value1`), sqrt(`value2`) FROM `test`.`s3` WHERE ((`value2` <> 200))
(5 rows)

-- select sqrt (builtin function, pushdown constraints, result)
--Testcase 120:
SELECT * FROM (
SELECT sqrt(value1), sqrt(value2) FROM s3 WHERE value2 != 200
) AS t ORDER BY 1,2;
        sqrt        | sqrt 
--------------------+------
 0.3162277683729184 |   10
 0.4472135988319589 |   10
 0.5477225683874355 |   10
(3 rows)

-- select abs (builtin function, explain)
--Testcase 121:
EXPLAIN VERBOSE
SELECT abs(value1), abs(value2), abs(value3), abs(value4) FROM s3;
                                              QUERY PLAN                                              
------------------------------------------------------------------------------------------------------
 Foreign Scan on public.s3  (cost=10.00..1020.00 rows=1000 width=24)
   Output: (abs(value1)), (abs(value2)), (abs(value3)), (abs(value4))
   Node: mysql_svr / Status: Alive
     Local server startup cost: 10
     Remote query: SELECT abs(`value1`), abs(`value2`), abs(`value3`), abs(`value4`) FROM `test`.`s3`
(5 rows)

-- ABS() returns negative values if integer (https://github.com/influxdata/influxdb/issues/10261)
-- select abs (buitin function, result)
--Testcase 122:
SELECT * FROM (
SELECT abs(value1), abs(value2), abs(value3), abs(value4) FROM s3
) AS t ORDER BY 1,2,3,4;
         abs         | abs |         abs         | abs 
---------------------+-----+---------------------+-----
 0.10000000149011612 | 100 | 0.10000000149011612 | 100
 0.20000000298023224 | 100 | 0.20000000298023224 | 100
 0.30000001192092896 | 100 | 0.30000001192092896 | 100
   1.100000023841858 | 200 |   1.100000023841858 | 200
   2.200000047683716 | 200 |   2.200000047683716 | 200
   3.299999952316284 | 200 |   3.299999952316284 | 200
(6 rows)

-- select abs (builtin function, not pushdown constraints, explain)
--Testcase 123:
EXPLAIN VERBOSE
SELECT abs(value1), abs(value2), abs(value3), abs(value4) FROM s3 WHERE to_hex(value2) != '64';
                                                   QUERY PLAN                                                   
----------------------------------------------------------------------------------------------------------------
 Foreign Scan on public.s3  (cost=10.00..1020.00 rows=1000 width=24)
   Output: (abs(value1)), (abs(value2)), (abs(value3)), (abs(value4))
   Filter: (to_hex(s3.value2) <> '64'::text)
   Node: mysql_svr / Status: Alive
     Local server startup cost: 10
     Remote query: SELECT abs(`value1`), abs(`value2`), abs(`value3`), abs(`value4`), `value2` FROM `test`.`s3`
(6 rows)

-- select abs (builtin function, not pushdown constraints, result)
--Testcase 124:
SELECT * FROM (
SELECT abs(value1), abs(value2), abs(value3), abs(value4) FROM s3 WHERE to_hex(value2) != '64'
) AS t ORDER BY 1,2,3,4;
        abs        | abs |        abs        | abs 
-------------------+-----+-------------------+-----
 1.100000023841858 | 200 | 1.100000023841858 | 200
 2.200000047683716 | 200 | 2.200000047683716 | 200
 3.299999952316284 | 200 | 3.299999952316284 | 200
(3 rows)

-- select abs (builtin function, pushdown constraints, explain)
--Testcase 125:
EXPLAIN VERBOSE
SELECT abs(value1), abs(value2), abs(value3), abs(value4) FROM s3 WHERE value2 != 200;
                                                           QUERY PLAN                                                           
--------------------------------------------------------------------------------------------------------------------------------
 Foreign Scan on public.s3  (cost=10.00..1020.00 rows=1000 width=24)
   Output: (abs(value1)), (abs(value2)), (abs(value3)), (abs(value4))
   Node: mysql_svr / Status: Alive
     Local server startup cost: 10
     Remote query: SELECT abs(`value1`), abs(`value2`), abs(`value3`), abs(`value4`) FROM `test`.`s3` WHERE ((`value2` <> 200))
(5 rows)

-- select abs (builtin function, pushdown constraints, result)
--Testcase 126:
SELECT * FROM (
SELECT abs(value1), abs(value2), abs(value3), abs(value4) FROM s3 WHERE value2 != 200
) AS t ORDER BY 1,2,3,4;
         abs         | abs |         abs         | abs 
---------------------+-----+---------------------+-----
 0.10000000149011612 | 100 | 0.10000000149011612 | 100
 0.20000000298023224 | 100 | 0.20000000298023224 | 100
 0.30000001192092896 | 100 | 0.30000001192092896 | 100
(3 rows)

-- select log (builtin function, need to swap arguments, numeric cast, explain)
-- log_<base>(v) : postgresql (base, v), influxdb (v, base), mysql (base, v)
--Testcase 127:
EXPLAIN VERBOSE
SELECT log(value1::numeric, value2::numeric) FROM s3 WHERE value1 != 1;
                                        QUERY PLAN                                         
-------------------------------------------------------------------------------------------
 Foreign Scan on public.s3  (cost=10.00..1017.50 rows=1000 width=32)
   Output: (log((value1)::numeric, (value2)::numeric))
   Node: mysql_svr / Status: Alive
     Local server startup cost: 10
     Remote query: SELECT log(`value1`, `value2`) FROM `test`.`s3` WHERE ((`value1` <> 1))
(5 rows)

-- select log (builtin function, need to swap arguments, numeric cast, result)
--Testcase 128:
SELECT * FROM (
SELECT log(value1::numeric, value2::numeric) FROM s3 WHERE value1 != 1
) AS t ORDER BY 1;
         log         
---------------------
  -3.824978705027617
  -2.861353142638945
 -2.0000000129429845
   4.437739945920098
   6.719852571927687
  55.590244111799876
(6 rows)

-- select log (stub function, need to swap arguments, float8, explain)
--Testcase 129:
EXPLAIN VERBOSE
SELECT log(value1, 0.1) FROM s3 WHERE value1 != 1;
                                      QUERY PLAN                                      
--------------------------------------------------------------------------------------
 Foreign Scan on public.s3  (cost=10.00..1260.00 rows=1000 width=8)
   Output: (log(value1, '0.1'::double precision))
   Node: mysql_svr / Status: Alive
     Local server startup cost: 10
     Remote query: SELECT log(`value1`, 0.1) FROM `test`.`s3` WHERE ((`value1` <> 1))
(5 rows)

-- select log (stub function, need to swap arguments, float8, result)
--Testcase 130:
SELECT * FROM (
SELECT log(value1, 0.1) FROM s3 WHERE value1 != 1
) AS t ORDER BY 1;
         log         
---------------------
 -24.158852434150408
 -2.9203672201537807
 -1.9285884818027121
   1.000000006471492
   1.430676571319472
   1.912489352513808
(6 rows)

-- select log (stub function, need to swap arguments, bigint, explain)
--Testcase 131:
EXPLAIN VERBOSE
SELECT log(value2, 3) FROM s3 WHERE value1 != 1;
                                     QUERY PLAN                                     
------------------------------------------------------------------------------------
 Foreign Scan on public.s3  (cost=10.00..1262.50 rows=1000 width=8)
   Output: (log((value2)::double precision, '3'::double precision))
   Node: mysql_svr / Status: Alive
     Local server startup cost: 10
     Remote query: SELECT log(`value2`, 3) FROM `test`.`s3` WHERE ((`value1` <> 1))
(5 rows)

-- select log (stub function, need to swap arguments, bigint, result)
--Testcase 132:
SELECT * FROM (
SELECT log(value2, 3) FROM s3 WHERE value1 != 1
) AS t ORDER BY 1;
         log         
---------------------
 0.20735116692035352
 0.20735116692035352
 0.20735116692035352
 0.23856062735983122
 0.23856062735983122
 0.23856062735983122
(6 rows)

-- select log (stub function, need to swap arguments, mix type, explain)
--Testcase 133:
EXPLAIN VERBOSE
SELECT log(value1, value2) FROM s3 WHERE value1 != 1;
                                        QUERY PLAN                                         
-------------------------------------------------------------------------------------------
 Foreign Scan on public.s3  (cost=10.00..1262.50 rows=1000 width=8)
   Output: (log(value1, (value2)::double precision))
   Node: mysql_svr / Status: Alive
     Local server startup cost: 10
     Remote query: SELECT log(`value1`, `value2`) FROM `test`.`s3` WHERE ((`value1` <> 1))
(5 rows)

-- select log (stub function, need to swap arguments, mix type, result)
--Testcase 134:
SELECT * FROM (
SELECT log(value1, value2) FROM s3 WHERE value1 != 1
) AS t ORDER BY 1;
         log         
---------------------
  -3.824978705027617
  -2.861353142638945
 -2.0000000129429845
   4.437739945920098
   6.719852571927687
  55.590244111799876
(6 rows)

-- select abs as nest function with agg (pushdown, explain)
--Testcase 135:
EXPLAIN VERBOSE
SELECT sum(value3),abs(sum(value3)) FROM s3;
                                QUERY PLAN                                
--------------------------------------------------------------------------
 Aggregate  (cost=1015.00..1015.01 rows=1 width=16)
   Output: sum(value3), abs(sum(value3))
   ->  Foreign Scan on public.s3  (cost=10.00..1010.00 rows=1000 width=8)
         Output: value3
         Node: mysql_svr / Status: Alive
           Local server startup cost: 10
           Remote query: SELECT `value3` FROM `test`.`s3`
(7 rows)

-- select abs as nest function with agg (pushdown, result)
--Testcase 136:
SELECT sum(value3),abs(sum(value3)) FROM s3;
 sum  | abs 
------+-----
 -7.2 | 7.2
(1 row)

-- select abs with non pushdown func and explicit constant (explain)
--Testcase 137:
EXPLAIN VERBOSE
SELECT abs(value3), pi(), 4.1 FROM s3;
                                   QUERY PLAN                                    
---------------------------------------------------------------------------------
 Foreign Scan on public.s3  (cost=10.00..1012.50 rows=1000 width=48)
   Output: (abs(value3)), '3.141592653589793'::double precision, 4.1
   Node: mysql_svr / Status: Alive
     Local server startup cost: 10
     Remote query: SELECT abs(`value3`), 3.141592653589793, 4.1 FROM `test`.`s3`
(5 rows)

-- select abs with non pushdown func and explicit constant (result)
--Testcase 138:
SELECT * FROM (
SELECT abs(value3), pi(), 4.1 FROM s3
) AS t ORDER BY 1,2,3;
         abs         |        pi         | ?column? 
---------------------+-------------------+----------
 0.10000000149011612 | 3.141592653589793 |      4.1
 0.20000000298023224 | 3.141592653589793 |      4.1
 0.30000001192092896 | 3.141592653589793 |      4.1
   1.100000023841858 | 3.141592653589793 |      4.1
   2.200000047683716 | 3.141592653589793 |      4.1
   3.299999952316284 | 3.141592653589793 |      4.1
(6 rows)

-- select sqrt as nest function with agg and explicit constant (pushdown, explain)
--Testcase 139:
EXPLAIN VERBOSE
SELECT sqrt(count(value1)), pi(), 4.1 FROM s3;
                                          QUERY PLAN                                           
-----------------------------------------------------------------------------------------------
 Aggregate  (cost=1012.50..1012.51 rows=1 width=48)
   Output: sqrt((count(value1))::double precision), '3.141592653589793'::double precision, 4.1
   ->  Foreign Scan on public.s3  (cost=10.00..1010.00 rows=1000 width=8)
         Output: value1
         Node: mysql_svr / Status: Alive
           Local server startup cost: 10
           Remote query: SELECT `value1` FROM `test`.`s3`
(7 rows)

-- select sqrt as nest function with agg and explicit constant (pushdown, result)
--Testcase 140:
SELECT sqrt(count(value1)), pi(), 4.1 FROM s3;
       sqrt        |        pi         | ?column? 
-------------------+-------------------+----------
 2.449489742783178 | 3.141592653589793 |      4.1
(1 row)

-- select sqrt as nest function with agg and explicit constant and tag (error, explain)
--Testcase 141:
EXPLAIN VERBOSE
SELECT sqrt(count(value1)), pi(), 4.1, tag1 FROM s3;
ERROR:  column "s3.tag1" must appear in the GROUP BY clause or be used in an aggregate function
LINE 2: SELECT sqrt(count(value1)), pi(), 4.1, tag1 FROM s3;
                                               ^
-- select abs with order by (explain)
--Testcase 142:
EXPLAIN VERBOSE
SELECT value1, abs(1-value1) FROM s3 ORDER BY abs(1-value1);
                                  QUERY PLAN                                   
-------------------------------------------------------------------------------
 Sort  (cost=1064.83..1067.33 rows=1000 width=16)
   Output: value1, (abs(('1'::double precision - value1)))
   Sort Key: (abs(('1'::double precision - s3.value1)))
   ->  Foreign Scan on public.s3  (cost=10.00..1015.00 rows=1000 width=16)
         Output: value1, (abs(('1'::double precision - value1)))
         Node: mysql_svr / Status: Alive
           Local server startup cost: 10
           Remote query: SELECT `value1`, abs((1 - `value1`)) FROM `test`.`s3`
(8 rows)

-- select abs with order by (result)
--Testcase 143:
SELECT value1, abs(1-value1) FROM s3 ORDER BY abs(1-value1);
 value1 |         abs         
--------+---------------------
    1.1 | 0.10000002384185791
    0.3 |   0.699999988079071
    0.2 |  0.7999999970197678
    0.1 |  0.8999999985098839
    2.2 |  1.2000000476837158
    3.3 |   2.299999952316284
(6 rows)

-- select abs with order by index (result)
--Testcase 144:
SELECT value1, abs(1-value1) FROM s3 ORDER BY 2,1;
 value1 |         abs         
--------+---------------------
    1.1 | 0.10000002384185791
    0.3 |   0.699999988079071
    0.2 |  0.7999999970197678
    0.1 |  0.8999999985098839
    2.2 |  1.2000000476837158
    3.3 |   2.299999952316284
(6 rows)

-- select abs with order by index (result)
--Testcase 145:
SELECT value1, abs(1-value1) FROM s3 ORDER BY 1,2;
 value1 |         abs         
--------+---------------------
    0.1 |  0.8999999985098839
    0.2 |  0.7999999970197678
    0.3 |   0.699999988079071
    1.1 | 0.10000002384185791
    2.2 |  1.2000000476837158
    3.3 |   2.299999952316284
(6 rows)

-- select abs and as
--Testcase 146:
SELECT * FROM (
SELECT abs(value3) as abs1 FROM s3
) AS t ORDER BY 1;
        abs1         
---------------------
 0.10000000149011612
 0.20000000298023224
 0.30000001192092896
   1.100000023841858
   2.200000047683716
   3.299999952316284
(6 rows)

-- select abs with arithmetic and tag in the middle (explain)
--Testcase 147:
EXPLAIN VERBOSE
SELECT abs(value1) + 1, value2, tag1, sqrt(value2) FROM s3;
                                             QUERY PLAN                                              
-----------------------------------------------------------------------------------------------------
 Foreign Scan on public.s3  (cost=10.00..1020.00 rows=1000 width=52)
   Output: ((abs(value1) + '1'::double precision)), value2, tag1, (sqrt((value2)::double precision))
   Node: mysql_svr / Status: Alive
     Local server startup cost: 10
     Remote query: SELECT (abs(`value1`) + 1), `value2`, `tag1`, sqrt(`value2`) FROM `test`.`s3`
(5 rows)

-- select abs with arithmetic and tag in the middle (result)
--Testcase 148:
SELECT * FROM (
SELECT abs(value1) + 1, value2, tag1, sqrt(value2) FROM s3
) AS t ORDER BY 1,2,3,4;
      ?column?      | value2 | tag1 |        sqrt        
--------------------+--------+------+--------------------
 1.1000000014901161 |    100 | a    |                 10
 1.2000000029802322 |    100 | a    |                 10
  1.300000011920929 |    100 | a    |                 10
  2.100000023841858 |    200 | b    | 14.142135623730951
  3.200000047683716 |    200 | b    | 14.142135623730951
  4.299999952316284 |    200 | b    | 14.142135623730951
(6 rows)

-- select with order by limit (explain)
--Testcase 149:
EXPLAIN VERBOSE
SELECT abs(value1), abs(value3), sqrt(value2) FROM s3 ORDER BY abs(value3) LIMIT 1;
                                             QUERY PLAN                                             
----------------------------------------------------------------------------------------------------
 Limit  (cost=1025.00..1025.00 rows=1 width=24)
   Output: (abs(value1)), (abs(value3)), (sqrt((value2)::double precision))
   ->  Sort  (cost=1025.00..1027.50 rows=1000 width=24)
         Output: (abs(value1)), (abs(value3)), (sqrt((value2)::double precision))
         Sort Key: (abs(s3.value3))
         ->  Foreign Scan on public.s3  (cost=10.00..1020.00 rows=1000 width=24)
               Output: (abs(value1)), (abs(value3)), (sqrt((value2)::double precision))
               Node: mysql_svr / Status: Alive
                 Local server startup cost: 10
                 Remote query: SELECT abs(`value1`), abs(`value3`), sqrt(`value2`) FROM `test`.`s3`
(10 rows)

-- select with order by limit (explain)
--Testcase 150:
SELECT abs(value1), abs(value3), sqrt(value2) FROM s3 ORDER BY abs(value3) LIMIT 1;
         abs         |         abs         | sqrt 
---------------------+---------------------+------
 0.10000000149011612 | 0.10000000149011612 |   10
(1 row)

-- select mixing with non pushdown func (all not pushdown, explain)
--Testcase 151:
EXPLAIN VERBOSE
SELECT abs(value1), sqrt(value2), chr(id+40) FROM s3;
                               QUERY PLAN                                
-------------------------------------------------------------------------
 Foreign Scan on public.s3  (cost=10.00..1022.50 rows=1000 width=48)
   Output: abs(value1), sqrt((value2)::double precision), chr((id + 40))
   Node: mysql_svr / Status: Alive
     Local server startup cost: 10
     Remote query: SELECT `id`, `value1`, `value2` FROM `test`.`s3`
(5 rows)

-- select mixing with non pushdown func (result)
--Testcase 152:
SELECT * FROM (
SELECT abs(value1), sqrt(value2), chr(id+40) FROM s3
) AS t ORDER BY 1,2,3;
 abs |        sqrt        | chr 
-----+--------------------+-----
 0.1 |                 10 | (
 0.2 |                 10 | )
 0.3 |                 10 | *
 1.1 | 14.142135623730951 | +
 2.2 | 14.142135623730951 | ,
 3.3 | 14.142135623730951 | -
(6 rows)

-- full text search table
--Testcase 153:
CREATE FOREIGN TABLE ftextsearch__mysql_svr__0 (id int, content text) SERVER mysql_svr OPTIONS(dbname 'test', table_name 'ftextsearch');
-- text search (pushdown, explain)
--Testcase 154:
EXPLAIN VERBOSE
SELECT MATCH_AGAINST(ARRAY[content, 'success catches']) AS score, content FROM ftextsearch WHERE MATCH_AGAINST(ARRAY[content, 'success catches','IN BOOLEAN MODE']) != 0;
                                                                                         QUERY PLAN                                                                                          
---------------------------------------------------------------------------------------------------------------------------------------------------------------------------------------------
 Foreign Scan on public.ftextsearch  (cost=10.00..1260.00 rows=1000 width=40)
   Output: (match_against(ARRAY[content, 'success catches'::text])), content
   Node: mysql_svr / Status: Alive
     Local server startup cost: 10
     Remote query: SELECT MATCH (`content`) AGAINST ( 'success catches' ), `content` FROM `test`.`ftextsearch` WHERE ((MATCH (`content`) AGAINST ( 'success catches' IN BOOLEAN MODE) <> 0))
(5 rows)

-- text search (pushdown, result)
--Testcase 155:
SELECT content FROM (
SELECT MATCH_AGAINST(ARRAY[content, 'success catches']) AS score, content FROM ftextsearch WHERE MATCH_AGAINST(ARRAY[content, 'success catches','IN BOOLEAN MODE']) != 0
       ) AS t ORDER BY 1;
             content              
----------------------------------
 Failure teaches success.
 The early bird catches the worm.
(2 rows)

--Testcase 156:
DROP FOREIGN TABLE ftextsearch__mysql_svr__0;
--Testcase 157:
DROP FOREIGN TABLE s3__mysql_svr__0;
--Testcase 158:
DROP USER MAPPING FOR CURRENT_USER SERVER mysql_svr;
--Testcase 159:
DROP SERVER mysql_svr;
--Testcase 160:
DROP EXTENSION mysql_fdw;
--Testcase 161:
DROP FOREIGN TABLE ftextsearch;
--Testcase 162:
DROP FOREIGN TABLE s3;
--Testcase 163:
DROP USER MAPPING FOR CURRENT_USER SERVER pgspider_core_svr;
--Testcase 164:
DROP SERVER pgspider_core_svr;
--Testcase 165:
DROP EXTENSION pgspider_core_fdw;
