-- create pgspider_svr
DELETE FROM pg_spd_node_info;
CREATE EXTENSION pgspider_core_fdw;
CREATE SERVER pgspider_svr FOREIGN DATA WRAPPER pgspider_core_fdw OPTIONS (host '127.0.0.1',port '50849');
CREATE USER mapping for public server pgspider_svr OPTIONS(user 'postgres',password 'postgres');
CREATE FOREIGN TABLE test1 (
    one     INT8,
    two     INT8[],
    three   TEXT,
    four    TIMESTAMP,
    five    DATE,
    six     BOOL,
    seven   FLOAT8,
    __spd_url text) 
SERVER pgspider_svr;
-- create parquet_s3_fdw extension
SET datestyle = 'ISO';
SET client_min_messages = WARNING;
SET log_statement TO 'none';
CREATE EXTENSION parquet_s3_fdw;
CREATE SERVER parquet_s3_svr FOREIGN DATA WRAPPER parquet_s3_fdw OPTIONS (use_minio 'true');
CREATE USER MAPPING FOR public SERVER parquet_s3_svr OPTIONS (user 'minioadmin', password 'minioadmin');
-- import foreign schema
IMPORT FOREIGN SCHEMA "s3://ported"
FROM SERVER parquet_s3_svr
INTO public
OPTIONS (sorted 'one');
\d
             List of relations
 Schema |   Name   |     Type      | Owner 
--------+----------+---------------+-------
 public | ported_1 | foreign table | tsdv
 public | ported_2 | foreign table | tsdv
 public | ported_3 | foreign table | tsdv
 public | test1    | foreign table | tsdv
(4 rows)

SELECT * FROM ported_1;
     one     |    two     | three |        four         |    five    | six | seven 
-------------+------------+-------+---------------------+------------+-----+-------
 -2147483648 | {1,2,3}    | foo   | 2018-01-01 00:00:00 | 1975-06-18 | t   |   0.5
           0 | {NULL,5,6} | bar   | 2018-01-02 00:00:00 | 1980-01-02 | f   |      
           1 | {7,8,9}    | baz   | 2018-01-03 00:00:00 | 1999-05-03 | t   |     1
           2 | {10,11,12} | uno   | 2018-01-04 00:00:00 | 2018-01-04 | f   |   0.5
(4 rows)

SELECT * FROM ported_2;
 one |           two           |   three   |        four         |    five    | six |   seven    
-----+-------------------------+-----------+---------------------+------------+-----+------------
   3 | {13,14,15}              | dos       | 2018-01-05 00:00:00 | 2018-01-05 | f   |           
   4 | {16,17,18}              | tres      | 2018-01-06 00:00:00 | 2018-01-06 | f   |          1
   5 | {-2147483648,2,9989878} | ~!@#$%^&* | 1970-01-01 23:59:59 | 2018-01-07 | f   | -2266.2468
(3 rows)

SELECT * FROM ported_3;
    one     |           two            |                    three                    |        four         |    five    | six |       seven       
------------+--------------------------+---------------------------------------------+---------------------+------------+-----+-------------------
          6 | {-4478,37671,2147483648} | beAty&日本人はとても勤勉で真面目です@@human | 1999-01-01 23:00:59 | 2020-02-20 | t   |          -0.00015
     100000 | {0,2,1000}               | MANGA&  &ANIME**日本が大好きです* *VIETNAM  | 2049-01-01 00:00:00 | 2100-02-20 | t   |       5464.554455
 2147483648 | {-567271,2309,123456789} | love$%^&*J ap  AN                           | 2222-01-01 00:59:59 | 2500-02-20 | f   | 82470548.49874263
(3 rows)

CREATE FOREIGN TABLE test1__parquet_s3_svr__0 (
    one     INT8,
    two     INT8[],
    three   TEXT,
    four    TIMESTAMP,
    five    DATE,
    six     BOOL,
    seven   FLOAT8)
SERVER parquet_s3_svr
OPTIONS (filename 's3://parquets3/ported_1.parquet', sorted 'one');
SELECT * FROM test1 ORDER BY one;
     one     |    two     | three |        four         |    five    | six | seven |    __spd_url     
-------------+------------+-------+---------------------+------------+-----+-------+------------------
 -2147483648 | {1,2,3}    | foo   | 2018-01-01 00:00:00 | 1975-06-18 | t   |   0.5 | /parquet_s3_svr/
           0 | {NULL,5,6} | bar   | 2018-01-02 00:00:00 | 1980-01-02 | f   |       | /parquet_s3_svr/
           1 | {7,8,9}    | baz   | 2018-01-03 00:00:00 | 1999-05-03 | t   |     1 | /parquet_s3_svr/
           2 | {10,11,12} | uno   | 2018-01-04 00:00:00 | 2018-01-04 | f   |   0.5 | /parquet_s3_svr/
(4 rows)

CREATE FOREIGN TABLE test1__parquet_s3_svr__1 (
    one     INT8,
    two     INT8[],
    three   TEXT,
    four    TIMESTAMP,
    five    DATE,
    six     BOOL,
    seven   FLOAT8)
SERVER parquet_s3_svr
OPTIONS (filename 's3://parquets3/ported_2.parquet', sorted 'one');
SELECT * FROM test1 ORDER BY one;
     one     |           two           |   three   |        four         |    five    | six |   seven    |    __spd_url     
-------------+-------------------------+-----------+---------------------+------------+-----+------------+------------------
 -2147483648 | {1,2,3}                 | foo       | 2018-01-01 00:00:00 | 1975-06-18 | t   |        0.5 | /parquet_s3_svr/
           0 | {NULL,5,6}              | bar       | 2018-01-02 00:00:00 | 1980-01-02 | f   |            | /parquet_s3_svr/
           1 | {7,8,9}                 | baz       | 2018-01-03 00:00:00 | 1999-05-03 | t   |          1 | /parquet_s3_svr/
           2 | {10,11,12}              | uno       | 2018-01-04 00:00:00 | 2018-01-04 | f   |        0.5 | /parquet_s3_svr/
           3 | {13,14,15}              | dos       | 2018-01-05 00:00:00 | 2018-01-05 | f   |            | /parquet_s3_svr/
           4 | {16,17,18}              | tres      | 2018-01-06 00:00:00 | 2018-01-06 | f   |          1 | /parquet_s3_svr/
           5 | {-2147483648,2,9989878} | ~!@#$%^&* | 1970-01-01 23:59:59 | 2018-01-07 | f   | -2266.2468 | /parquet_s3_svr/
(7 rows)

CREATE FOREIGN TABLE test1__parquet_s3_svr__2 (
    one     INT8,
    two     INT8[],
    three   TEXT,
    four    TIMESTAMP,
    five    DATE,
    six     BOOL,
    seven   FLOAT8)
SERVER parquet_s3_svr
OPTIONS (filename 's3://parquets3/ported_3.parquet', sorted 'one');
SELECT * FROM test1 ORDER BY one;
     one     |           two            |                    three                    |        four         |    five    | six |       seven       |    __spd_url     
-------------+--------------------------+---------------------------------------------+---------------------+------------+-----+-------------------+------------------
 -2147483648 | {1,2,3}                  | foo                                         | 2018-01-01 00:00:00 | 1975-06-18 | t   |               0.5 | /parquet_s3_svr/
           0 | {NULL,5,6}               | bar                                         | 2018-01-02 00:00:00 | 1980-01-02 | f   |                   | /parquet_s3_svr/
           1 | {7,8,9}                  | baz                                         | 2018-01-03 00:00:00 | 1999-05-03 | t   |                 1 | /parquet_s3_svr/
           2 | {10,11,12}               | uno                                         | 2018-01-04 00:00:00 | 2018-01-04 | f   |               0.5 | /parquet_s3_svr/
           3 | {13,14,15}               | dos                                         | 2018-01-05 00:00:00 | 2018-01-05 | f   |                   | /parquet_s3_svr/
           4 | {16,17,18}               | tres                                        | 2018-01-06 00:00:00 | 2018-01-06 | f   |                 1 | /parquet_s3_svr/
           5 | {-2147483648,2,9989878}  | ~!@#$%^&*                                   | 1970-01-01 23:59:59 | 2018-01-07 | f   |        -2266.2468 | /parquet_s3_svr/
           6 | {-4478,37671,2147483648} | beAty&日本人はとても勤勉で真面目です@@human | 1999-01-01 23:00:59 | 2020-02-20 | t   |          -0.00015 | /parquet_s3_svr/
      100000 | {0,2,1000}               | MANGA&  &ANIME**日本が大好きです* *VIETNAM  | 2049-01-01 00:00:00 | 2100-02-20 | t   |       5464.554455 | /parquet_s3_svr/
  2147483648 | {-567271,2309,123456789} | love$%^&*J ap  AN                           | 2222-01-01 00:59:59 | 2500-02-20 | f   | 82470548.49874263 | /parquet_s3_svr/
(10 rows)

SELECT * FROM test1 IN ('/parquet_s3_svr/') ORDER BY three,__spd_url;
     one     |           two            |                    three                    |        four         |    five    | six |       seven       |    __spd_url     
-------------+--------------------------+---------------------------------------------+---------------------+------------+-----+-------------------+------------------
           5 | {-2147483648,2,9989878}  | ~!@#$%^&*                                   | 1970-01-01 23:59:59 | 2018-01-07 | f   |        -2266.2468 | /parquet_s3_svr/
           0 | {NULL,5,6}               | bar                                         | 2018-01-02 00:00:00 | 1980-01-02 | f   |                   | /parquet_s3_svr/
           1 | {7,8,9}                  | baz                                         | 2018-01-03 00:00:00 | 1999-05-03 | t   |                 1 | /parquet_s3_svr/
           6 | {-4478,37671,2147483648} | beAty&日本人はとても勤勉で真面目です@@human | 1999-01-01 23:00:59 | 2020-02-20 | t   |          -0.00015 | /parquet_s3_svr/
           3 | {13,14,15}               | dos                                         | 2018-01-05 00:00:00 | 2018-01-05 | f   |                   | /parquet_s3_svr/
 -2147483648 | {1,2,3}                  | foo                                         | 2018-01-01 00:00:00 | 1975-06-18 | t   |               0.5 | /parquet_s3_svr/
  2147483648 | {-567271,2309,123456789} | love$%^&*J ap  AN                           | 2222-01-01 00:59:59 | 2500-02-20 | f   | 82470548.49874263 | /parquet_s3_svr/
      100000 | {0,2,1000}               | MANGA&  &ANIME**日本が大好きです* *VIETNAM  | 2049-01-01 00:00:00 | 2100-02-20 | t   |       5464.554455 | /parquet_s3_svr/
           4 | {16,17,18}               | tres                                        | 2018-01-06 00:00:00 | 2018-01-06 | f   |                 1 | /parquet_s3_svr/
           2 | {10,11,12}               | uno                                         | 2018-01-04 00:00:00 | 2018-01-04 | f   |               0.5 | /parquet_s3_svr/
(10 rows)

-- import_parquet
create function list_parquet_s3_files(args jsonb)
returns text[] as
$$
    select array[args->>'dir' || '/ported_1.parquet', args->>'dir' || '/ported_3.parquet']::text[];
$$
language sql;
select import_parquet_s3('test1__parquet_s3_svr__3', 'public', 'parquet_s3_svr', 'list_parquet_s3_files', '{"dir": "s3://ported"}', '{"sorted": "one"}');
 import_parquet_s3 
-------------------
 
(1 row)

SELECT * FROM test1__parquet_s3_svr__3 ORDER BY one, three;
     one     |           two            |                    three                    |        four         |    five    | six |       seven       
-------------+--------------------------+---------------------------------------------+---------------------+------------+-----+-------------------
 -2147483648 | {1,2,3}                  | foo                                         | 2018-01-01 00:00:00 | 1975-06-18 | t   |               0.5
           0 | {NULL,5,6}               | bar                                         | 2018-01-02 00:00:00 | 1980-01-02 | f   |                  
           1 | {7,8,9}                  | baz                                         | 2018-01-03 00:00:00 | 1999-05-03 | t   |                 1
           2 | {10,11,12}               | uno                                         | 2018-01-04 00:00:00 | 2018-01-04 | f   |               0.5
           6 | {-4478,37671,2147483648} | beAty&日本人はとても勤勉で真面目です@@human | 1999-01-01 23:00:59 | 2020-02-20 | t   |          -0.00015
      100000 | {0,2,1000}               | MANGA&  &ANIME**日本が大好きです* *VIETNAM  | 2049-01-01 00:00:00 | 2100-02-20 | t   |       5464.554455
  2147483648 | {-567271,2309,123456789} | love$%^&*J ap  AN                           | 2222-01-01 00:59:59 | 2500-02-20 | f   | 82470548.49874263
(7 rows)

SELECT * FROM test1 ORDER BY one;
     one     |           two            |                    three                    |        four         |    five    | six |       seven       |    __spd_url     
-------------+--------------------------+---------------------------------------------+---------------------+------------+-----+-------------------+------------------
 -2147483648 | {1,2,3}                  | foo                                         | 2018-01-01 00:00:00 | 1975-06-18 | t   |               0.5 | /parquet_s3_svr/
 -2147483648 | {1,2,3}                  | foo                                         | 2018-01-01 00:00:00 | 1975-06-18 | t   |               0.5 | /parquet_s3_svr/
           0 | {NULL,5,6}               | bar                                         | 2018-01-02 00:00:00 | 1980-01-02 | f   |                   | /parquet_s3_svr/
           0 | {NULL,5,6}               | bar                                         | 2018-01-02 00:00:00 | 1980-01-02 | f   |                   | /parquet_s3_svr/
           1 | {7,8,9}                  | baz                                         | 2018-01-03 00:00:00 | 1999-05-03 | t   |                 1 | /parquet_s3_svr/
           1 | {7,8,9}                  | baz                                         | 2018-01-03 00:00:00 | 1999-05-03 | t   |                 1 | /parquet_s3_svr/
           2 | {10,11,12}               | uno                                         | 2018-01-04 00:00:00 | 2018-01-04 | f   |               0.5 | /parquet_s3_svr/
           2 | {10,11,12}               | uno                                         | 2018-01-04 00:00:00 | 2018-01-04 | f   |               0.5 | /parquet_s3_svr/
           3 | {13,14,15}               | dos                                         | 2018-01-05 00:00:00 | 2018-01-05 | f   |                   | /parquet_s3_svr/
           4 | {16,17,18}               | tres                                        | 2018-01-06 00:00:00 | 2018-01-06 | f   |                 1 | /parquet_s3_svr/
           5 | {-2147483648,2,9989878}  | ~!@#$%^&*                                   | 1970-01-01 23:59:59 | 2018-01-07 | f   |        -2266.2468 | /parquet_s3_svr/
           6 | {-4478,37671,2147483648} | beAty&日本人はとても勤勉で真面目です@@human | 1999-01-01 23:00:59 | 2020-02-20 | t   |          -0.00015 | /parquet_s3_svr/
           6 | {-4478,37671,2147483648} | beAty&日本人はとても勤勉で真面目です@@human | 1999-01-01 23:00:59 | 2020-02-20 | t   |          -0.00015 | /parquet_s3_svr/
      100000 | {0,2,1000}               | MANGA&  &ANIME**日本が大好きです* *VIETNAM  | 2049-01-01 00:00:00 | 2100-02-20 | t   |       5464.554455 | /parquet_s3_svr/
      100000 | {0,2,1000}               | MANGA&  &ANIME**日本が大好きです* *VIETNAM  | 2049-01-01 00:00:00 | 2100-02-20 | t   |       5464.554455 | /parquet_s3_svr/
  2147483648 | {-567271,2309,123456789} | love$%^&*J ap  AN                           | 2222-01-01 00:59:59 | 2500-02-20 | f   | 82470548.49874263 | /parquet_s3_svr/
  2147483648 | {-567271,2309,123456789} | love$%^&*J ap  AN                           | 2222-01-01 00:59:59 | 2500-02-20 | f   | 82470548.49874263 | /parquet_s3_svr/
(17 rows)

select import_parquet_s3_explicit('test1__parquet_s3_svr__4', 'public', 'parquet_s3_svr', array['one', 'three', 'six'], array['int8', 'text', 'bool']::regtype[], 'list_parquet_s3_files', '{"dir": "s3://ported"}', '{"sorted": "one"}');
 import_parquet_s3_explicit 
----------------------------
 
(1 row)

SELECT * FROM test1__parquet_s3_svr__4;
     one     |                    three                    | six 
-------------+---------------------------------------------+-----
 -2147483648 | foo                                         | t
           0 | bar                                         | f
           1 | baz                                         | t
           2 | uno                                         | f
           6 | beAty&日本人はとても勤勉で真面目です@@human | t
      100000 | MANGA&  &ANIME**日本が大好きです* *VIETNAM  | t
  2147483648 | love$%^&*J ap  AN                           | f
(7 rows)

SELECT * FROM test1 ORDER BY one;
     one     |           two            |                    three                    |        four         |    five    | six |       seven       |    __spd_url     
-------------+--------------------------+---------------------------------------------+---------------------+------------+-----+-------------------+------------------
 -2147483648 | {1,2,3}                  | foo                                         | 2018-01-01 00:00:00 | 1975-06-18 | t   |               0.5 | /parquet_s3_svr/
 -2147483648 | {1,2,3}                  | foo                                         | 2018-01-01 00:00:00 | 1975-06-18 | t   |               0.5 | /parquet_s3_svr/
 -2147483648 | {1,2,3}                  | foo                                         | 2018-01-01 00:00:00 | 1975-06-18 | t   |               0.5 | /parquet_s3_svr/
           0 | {NULL,5,6}               | bar                                         | 2018-01-02 00:00:00 | 1980-01-02 | f   |                   | /parquet_s3_svr/
           0 | {NULL,5,6}               | bar                                         | 2018-01-02 00:00:00 | 1980-01-02 | f   |                   | /parquet_s3_svr/
           0 | {NULL,5,6}               | bar                                         | 2018-01-02 00:00:00 | 1980-01-02 | f   |                   | /parquet_s3_svr/
           1 | {7,8,9}                  | baz                                         | 2018-01-03 00:00:00 | 1999-05-03 | t   |                 1 | /parquet_s3_svr/
           1 | {7,8,9}                  | baz                                         | 2018-01-03 00:00:00 | 1999-05-03 | t   |                 1 | /parquet_s3_svr/
           1 | {7,8,9}                  | baz                                         | 2018-01-03 00:00:00 | 1999-05-03 | t   |                 1 | /parquet_s3_svr/
           2 | {10,11,12}               | uno                                         | 2018-01-04 00:00:00 | 2018-01-04 | f   |               0.5 | /parquet_s3_svr/
           2 | {10,11,12}               | uno                                         | 2018-01-04 00:00:00 | 2018-01-04 | f   |               0.5 | /parquet_s3_svr/
           2 | {10,11,12}               | uno                                         | 2018-01-04 00:00:00 | 2018-01-04 | f   |               0.5 | /parquet_s3_svr/
           3 | {13,14,15}               | dos                                         | 2018-01-05 00:00:00 | 2018-01-05 | f   |                   | /parquet_s3_svr/
           4 | {16,17,18}               | tres                                        | 2018-01-06 00:00:00 | 2018-01-06 | f   |                 1 | /parquet_s3_svr/
           5 | {-2147483648,2,9989878}  | ~!@#$%^&*                                   | 1970-01-01 23:59:59 | 2018-01-07 | f   |        -2266.2468 | /parquet_s3_svr/
           6 | {-4478,37671,2147483648} | beAty&日本人はとても勤勉で真面目です@@human | 1999-01-01 23:00:59 | 2020-02-20 | t   |          -0.00015 | /parquet_s3_svr/
           6 | {-4478,37671,2147483648} | beAty&日本人はとても勤勉で真面目です@@human | 1999-01-01 23:00:59 | 2020-02-20 | t   |          -0.00015 | /parquet_s3_svr/
           6 | {-4478,37671,2147483648} | beAty&日本人はとても勤勉で真面目です@@human | 1999-01-01 23:00:59 | 2020-02-20 | t   |          -0.00015 | /parquet_s3_svr/
      100000 | {0,2,1000}               | MANGA&  &ANIME**日本が大好きです* *VIETNAM  | 2049-01-01 00:00:00 | 2100-02-20 | t   |       5464.554455 | /parquet_s3_svr/
      100000 | {0,2,1000}               | MANGA&  &ANIME**日本が大好きです* *VIETNAM  | 2049-01-01 00:00:00 | 2100-02-20 | t   |       5464.554455 | /parquet_s3_svr/
      100000 | {0,2,1000}               | MANGA&  &ANIME**日本が大好きです* *VIETNAM  | 2049-01-01 00:00:00 | 2100-02-20 | t   |       5464.554455 | /parquet_s3_svr/
  2147483648 | {-567271,2309,123456789} | love$%^&*J ap  AN                           | 2222-01-01 00:59:59 | 2500-02-20 | f   | 82470548.49874263 | /parquet_s3_svr/
  2147483648 | {-567271,2309,123456789} | love$%^&*J ap  AN                           | 2222-01-01 00:59:59 | 2500-02-20 | f   | 82470548.49874263 | /parquet_s3_svr/
  2147483648 | {-567271,2309,123456789} | love$%^&*J ap  AN                           | 2222-01-01 00:59:59 | 2500-02-20 | f   | 82470548.49874263 | /parquet_s3_svr/
(24 rows)

CREATE FOREIGN TABLE parquets3tbl__parquet_s3_svr__0 (
    one     INT8,
    two     INT8[],
    three   TEXT,
    four    TIMESTAMP,
    five    DATE,
    six     BOOL,
    seven   FLOAT8) 
SERVER parquet_s3_svr options(filename 's3://parquets3/ported_3.parquet', sorted 'one');
SELECT * FROM parquets3tbl__parquet_s3_svr__0;
    one     |           two            |                    three                    |        four         |    five    | six |       seven       
------------+--------------------------+---------------------------------------------+---------------------+------------+-----+-------------------
          6 | {-4478,37671,2147483648} | beAty&日本人はとても勤勉で真面目です@@human | 1999-01-01 23:00:59 | 2020-02-20 | t   |          -0.00015
     100000 | {0,2,1000}               | MANGA&  &ANIME**日本が大好きです* *VIETNAM  | 2049-01-01 00:00:00 | 2100-02-20 | t   |       5464.554455
 2147483648 | {-567271,2309,123456789} | love$%^&*J ap  AN                           | 2222-01-01 00:59:59 | 2500-02-20 | f   | 82470548.49874263
(3 rows)

CREATE FOREIGN TABLE parquets3tbl (
    one     INT8,
    two     INT8[],
    three   TEXT,
    four    TIMESTAMP,
    five    DATE,
    six     BOOL,
    seven   FLOAT8,
    __spd_url text) 
SERVER pgspider_svr;
SELECT * FROM parquets3tbl;
    one     |           two            |                    three                    |        four         |    five    | six |       seven       |    __spd_url     
------------+--------------------------+---------------------------------------------+---------------------+------------+-----+-------------------+------------------
          6 | {-4478,37671,2147483648} | beAty&日本人はとても勤勉で真面目です@@human | 1999-01-01 23:00:59 | 2020-02-20 | t   |          -0.00015 | /parquet_s3_svr/
     100000 | {0,2,1000}               | MANGA&  &ANIME**日本が大好きです* *VIETNAM  | 2049-01-01 00:00:00 | 2100-02-20 | t   |       5464.554455 | /parquet_s3_svr/
 2147483648 | {-567271,2309,123456789} | love$%^&*J ap  AN                           | 2222-01-01 00:59:59 | 2500-02-20 | f   | 82470548.49874263 | /parquet_s3_svr/
(3 rows)

SELECT * FROM test1 IN ('/parquet_s3_svr/') where one < 1 ORDER BY one;; 
     one     |    two     | three |        four         |    five    | six | seven |    __spd_url     
-------------+------------+-------+---------------------+------------+-----+-------+------------------
 -2147483648 | {1,2,3}    | foo   | 2018-01-01 00:00:00 | 1975-06-18 | t   |   0.5 | /parquet_s3_svr/
 -2147483648 | {1,2,3}    | foo   | 2018-01-01 00:00:00 | 1975-06-18 | t   |   0.5 | /parquet_s3_svr/
 -2147483648 | {1,2,3}    | foo   | 2018-01-01 00:00:00 | 1975-06-18 | t   |   0.5 | /parquet_s3_svr/
           0 | {NULL,5,6} | bar   | 2018-01-02 00:00:00 | 1980-01-02 | f   |       | /parquet_s3_svr/
           0 | {NULL,5,6} | bar   | 2018-01-02 00:00:00 | 1980-01-02 | f   |       | /parquet_s3_svr/
           0 | {NULL,5,6} | bar   | 2018-01-02 00:00:00 | 1980-01-02 | f   |       | /parquet_s3_svr/
(6 rows)

DROP FUNCTION list_parquet_s3_files;
DROP EXTENSION parquet_s3_fdw CASCADE;
DROP FOREIGN TABLE test1;
DROP SERVER pgspider_svr CASCADE;
DROP EXTENSION pgspider_core_fdw CASCADE;
